
Loading parameters
------------------

Loading lexicon
---------------
Signature:
C/0: list → list
TRUE/0: bool
FALSE/0: bool
NIL/0: list
CONS/0: nat → list → list
0/0: digit
1/0: digit
2/0: digit
3/0: digit
4/0: digit
5/0: digit
6/0: digit
7/0: digit
8/0: digit
9/0: digit
DIGIT/0: digit → nat
DECC/0: nat → digit → nat
./2: ∀t1. ∀t2. (t1 → t2) → t1 → t2
EMPTY/0: list → bool
EQUAL/0: ∀t0. t0 → t0 → bool
HEAD/0: list → nat
IF/0: ∀t0. bool → t0 → t0 → t0
TAIL/0: list → list
x_: t6
y_: t7
x_: t20
x_: t30
y_: t31
x_: t41
y_: t42
x_: t54
y_: t55
x_: t68
y_: t69
x_: t88
y_: t89

Background: 9
EMPTY [] = TRUE
EMPTY (CONS x_ y_) = FALSE
EQUAL x_ x_ = TRUE
EQUAL x_ y_ = FALSE
HEAD (CONS x_ y_) = x_
IF TRUE x_ y_ = x_
IF FALSE x_ y_ = y_
TAIL [] = []
TAIL (CONS x_ y_) = y_

Templates: 4
C (CONS [!] [!]) = [!]
C [] = [!]
C [!] = [!]
[!] = [!]

Deterministic: true

Context { substitution: {}, next: 217 }

Loading data
------------
Datum { i: IntList([6, 10, 7, 3, 2, 2, 2, 0]), o: IntList([10, 7, 6, 3, 2, 2, 2, 0]) }
Datum { i: IntList([54, 2, 72, 69, 28, 10, 40, 50]), o: IntList([2, 72, 54, 69, 28, 10, 40, 50]) }
Datum { i: IntList([5, 59, 20, 5]), o: IntList([59, 20, 5, 5]) }
Datum { i: IntList([7, 4, 3, 10, 10]), o: IntList([4, 3, 7, 10, 10]) }
Datum { i: IntList([10, 47, 1, 6]), o: IntList([47, 1, 10, 6]) }
Datum { i: IntList([1, 20, 86, 82, 2, 35, 10, 3]), o: IntList([20, 86, 1, 82, 2, 35, 10, 3]) }
Datum { i: IntList([0, 0, 4, 60, 2, 56, 0, 8, 12]), o: IntList([0, 4, 0, 60, 2, 56, 0, 8, 12]) }
Datum { i: IntList([61, 65, 4, 8]), o: IntList([65, 4, 61, 8]) }
Datum { i: IntList([2, 2, 6, 1, 76, 6, 99, 86]), o: IntList([2, 6, 2, 1, 76, 6, 99, 86]) }
Datum { i: IntList([67, 30, 3]), o: IntList([30, 3, 67]) }
Datum { i: IntList([71, 8, 1]), o: IntList([8, 1, 71]) }
Datum { i: IntList([42, 71, 27, 42, 3, 25, 45, 9, 93, 76]), o: IntList([71, 27, 42, 42, 3, 25, 45, 9, 93, 76]) }
Datum { i: IntList([10, 40, 3, 1, 2, 2, 8]), o: IntList([40, 3, 10, 1, 2, 2, 8]) }
Datum { i: IntList([67, 9, 35, 73]), o: IntList([9, 35, 67, 73]) }
Datum { i: IntList([40, 1, 7, 10, 47, 8, 8, 5, 66]), o: IntList([1, 7, 40, 10, 47, 8, 8, 5, 66]) }
Datum { i: IntList([77, 54, 8, 2, 8, 53, 57, 7]), o: IntList([54, 8, 77, 2, 8, 53, 57, 7]) }
Datum { i: IntList([5, 19, 9, 4, 8]), o: IntList([19, 9, 5, 4, 8]) }
Datum { i: IntList([33, 33, 4, 2, 2, 86, 2, 71, 85, 1]), o: IntList([33, 4, 33, 2, 2, 86, 2, 71, 85, 1]) }
Datum { i: IntList([6, 2, 9, 5, 80, 9, 1]), o: IntList([2, 9, 6, 5, 80, 9, 1]) }
Datum { i: IntList([18, 1, 91, 3, 27, 95, 7, 76, 1]), o: IntList([1, 91, 18, 3, 27, 95, 7, 76, 1]) }
Datum { i: IntList([4, 4, 42, 72, 57, 52, 12, 68, 7]), o: IntList([4, 42, 4, 72, 57, 52, 12, 68, 7]) }
Datum { i: IntList([3, 7, 40, 5]), o: IntList([7, 40, 3, 5]) }
Datum { i: IntList([68, 34, 0, 0]), o: IntList([34, 0, 68, 0]) }
Datum { i: IntList([17, 43, 7, 3]), o: IntList([43, 7, 17, 3]) }
Datum { i: IntList([4, 8, 8, 9, 6]), o: IntList([8, 8, 4, 9, 6]) }
Datum { i: IntList([14, 4, 26, 3, 15, 9, 91, 10, 2, 97]), o: IntList([4, 26, 14, 3, 15, 9, 91, 10, 2, 97]) }
Datum { i: IntList([23, 4, 10, 3, 63]), o: IntList([4, 10, 23, 3, 63]) }
Datum { i: IntList([7, 0, 9, 28, 5]), o: IntList([0, 9, 7, 28, 5]) }
Datum { i: IntList([9, 3, 28, 20, 11]), o: IntList([3, 28, 9, 20, 11]) }
Datum { i: IntList([9, 64, 2, 3, 64]), o: IntList([64, 2, 9, 3, 64]) }
Datum { i: IntList([80, 68, 15, 93, 6, 1, 57, 76, 10, 5]), o: IntList([68, 15, 80, 93, 6, 1, 57, 76, 10, 5]) }
Datum { i: IntList([4, 64, 73, 5, 27, 32]), o: IntList([64, 73, 4, 5, 27, 32]) }
Datum { i: IntList([5, 6, 3, 7]), o: IntList([6, 3, 5, 7]) }
Datum { i: IntList([6, 11, 76, 0, 67, 58]), o: IntList([11, 76, 6, 0, 67, 58]) }
Datum { i: IntList([4, 33, 36]), o: IntList([33, 36, 4]) }
Datum { i: IntList([3, 5, 8, 45, 10, 55]), o: IntList([5, 8, 3, 45, 10, 55]) }
Datum { i: IntList([6, 0, 10, 36, 9]), o: IntList([0, 10, 6, 36, 9]) }
Datum { i: IntList([10, 4, 34, 88, 5, 77, 1, 4, 3]), o: IntList([4, 34, 10, 88, 5, 77, 1, 4, 3]) }
Datum { i: IntList([48, 34, 39, 8, 8, 0, 4, 1, 2]), o: IntList([34, 39, 48, 8, 8, 0, 4, 1, 2]) }
Datum { i: IntList([1, 45, 59, 1, 5]), o: IntList([45, 59, 1, 1, 5]) }
Datum { i: IntList([4, 92, 1, 61, 3, 1, 17, 5, 7]), o: IntList([92, 1, 4, 61, 3, 1, 17, 5, 7]) }
Datum { i: IntList([57, 77, 61, 91, 80, 1, 10, 25]), o: IntList([77, 61, 57, 91, 80, 1, 10, 25]) }
Datum { i: IntList([5, 0, 81, 7, 4, 72, 0, 7, 7]), o: IntList([0, 81, 5, 7, 4, 72, 0, 7, 7]) }
Datum { i: IntList([8, 79, 14]), o: IntList([79, 14, 8]) }
Datum { i: IntList([25, 75, 5, 12]), o: IntList([75, 5, 25, 12]) }
Datum { i: IntList([60, 8, 0, 26, 50]), o: IntList([8, 0, 60, 26, 50]) }
Datum { i: IntList([3, 0, 46, 5, 10, 59, 44, 8, 77, 74]), o: IntList([0, 46, 3, 5, 10, 59, 44, 8, 77, 74]) }
Datum { i: IntList([8, 58, 13, 10, 6, 75]), o: IntList([58, 13, 8, 10, 6, 75]) }
Datum { i: IntList([6, 1, 2, 10, 94, 6, 9, 0, 91, 1]), o: IntList([1, 2, 6, 10, 94, 6, 9, 0, 91, 1]) }
Datum { i: IntList([5, 9, 2, 70, 36, 3, 4]), o: IntList([9, 2, 5, 70, 36, 3, 4]) }

Loading H*
----------
.(C .(.(CONS x_) .(.(CONS y_) .(.(CONS z_) xs_)))) = .(.(CONS y_) .(.(CONS z_) .(.(CONS x_) xs_)));

Initial Population
------------------
0: 7.9780 ".(C var25_) = NIL;"
1: 7.9780 ".(C var29_) = var29_;"
2: 11.9670 ".(C var48_) = .(TAIL var48_);"
3: 15.0580 ".(C var81_) = .(TAIL NIL);"
4: 15.2628 ".(C .(.(CONS var26_) var27_)) = NIL;"
5: 15.2628 ".(C .(.(CONS var59_) var60_)) = var60_;"
6: 15.9559 ".(C var90_) = .(TAIL .(TAIL var90_));"
7: 19.6572 ".(C .(.(CONS .(DIGIT var185_)) var186_)) = NIL;"
8: 19.9449 ".(C .(.(CONS var53_) var54_)) = .(TAIL var54_);"
9: 20.8387 ".(C var180_) = .(.(CONS .(DIGIT 7)) var180_);"

Initial Prediction
------------------

Evolving
--------
n_data,generation,rank,nlposterior,h_star_nlposterior,trs
1,0,0,16.0848,55.9430,"C = TAIL;"
1,0,1,20.0779,55.9430,".(C var48_) = .(TAIL var48_);"
1,0,2,23.3737,55.9430,".(C .(.(CONS var59_) var60_)) = var60_;"
1,0,3,30.0533,55.9430,".(C var90_) = .(TAIL .(TAIL var90_));"
1,0,4,30.4922,55.9430,".(C var29_) = var29_;"
1,0,5,31.9271,55.9430,".(C .(.(CONS .(DIGIT var185_)) var186_)) = var186_;"
1,0,6,34.0423,55.9430,".(C .(.(CONS var53_) var54_)) = .(TAIL var54_);"
1,0,7,44.0359,55.9430,".(C NIL) = NIL;\n.(C var29_) = var29_;"
1,0,8,44.0845,55.9430,".(C .(.(CONS var528_) var529_)) = var529_;\n.(C var81_) = .(TAIL NIL);"
1,0,9,49.2207,55.9430,".(C var628_) = var628_;\n.(C .(.(CONS var26_) var27_)) = NIL;"
1,1,0,16.0848,55.9430,"C = TAIL;"
1,1,1,20.0779,55.9430,".(C var48_) = .(TAIL var48_);"
1,1,2,21.2129,55.9430,".(C .(var655_ var60_)) = var60_;"
1,1,3,23.3737,55.9430,".(C .(.(CONS var59_) var60_)) = var60_;"
1,1,4,24.5087,55.9430,".(C .(.(var656_ var59_) var60_)) = var60_;"
1,1,5,29.7505,55.9430,".(C .(.(CONS .(var809_ var185_)) var186_)) = var186_;"
1,1,6,30.0533,55.9430,".(C var90_) = .(TAIL .(TAIL var90_));"
1,1,7,30.4436,55.9430,".(C .(.(var807_ .(DIGIT var185_)) var186_)) = var186_;"
1,1,8,30.4922,55.9430,".(C var29_) = var29_;"
1,1,9,31.9271,55.9430,".(C .(.(CONS .(DIGIT var185_)) var186_)) = var186_;"
1,2,0,16.0848,55.9430,"C = TAIL;"
1,2,1,20.0779,55.9430,".(C var48_) = .(TAIL var48_);"
1,2,2,21.2129,55.9430,".(C .(var655_ var60_)) = var60_;"
1,2,3,23.3737,55.9430,".(C .(.(CONS var59_) var60_)) = var60_;"
1,2,4,24.5087,55.9430,".(C .(.(var656_ var59_) var60_)) = var60_;"
1,2,5,27.5326,55.9430,".(C .(.(var807_ .(var1009_ var185_)) var186_)) = var186_;"
1,2,6,29.7505,55.9430,".(C .(.(CONS .(var809_ var185_)) var186_)) = var186_;"
1,2,7,30.0533,55.9430,".(C var90_) = .(TAIL .(TAIL var90_));"
1,2,8,30.4436,55.9430,".(C .(.(var807_ .(DIGIT var185_)) var186_)) = var186_;"
1,2,9,30.4922,55.9430,".(C var29_) = var29_;"
1,3,0,16.0848,55.9430,"C = TAIL;"
1,3,1,20.0779,55.9430,".(C var48_) = .(TAIL var48_);"
1,3,2,21.2129,55.9430,".(C .(var655_ var60_)) = var60_;"
1,3,3,23.3737,55.9430,".(C .(.(CONS var59_) var60_)) = var60_;"
1,3,4,24.5087,55.9430,".(C .(.(var656_ var59_) var60_)) = var60_;"
1,3,5,27.5326,55.9430,".(C .(.(var807_ .(var1009_ var185_)) var186_)) = var186_;"
1,3,6,29.7505,55.9430,".(C .(.(CONS .(var809_ var185_)) var186_)) = var186_;"
1,3,7,30.0533,55.9430,".(C var90_) = .(TAIL .(TAIL var90_));"
1,3,8,30.4436,55.9430,".(C .(.(var807_ .(DIGIT var185_)) var186_)) = var186_;"
1,3,9,35.1762,55.9430,"op27 = TAIL;\n.(C .(.(var807_ .(var1009_ var185_)) var186_)) = var186_;"
1,4,0,16.0848,55.9430,"C = TAIL;"
1,4,1,20.0779,55.9430,".(C var48_) = .(TAIL var48_);"
1,4,2,21.2129,55.9430,".(C .(var655_ var60_)) = var60_;"
1,4,3,23.3737,55.9430,".(C .(.(CONS var59_) var60_)) = var60_;"
1,4,4,24.5087,55.9430,".(C .(.(var656_ var59_) var60_)) = var60_;"
1,4,5,27.5326,55.9430,".(C .(.(var807_ .(var1009_ var185_)) var186_)) = var186_;"
1,4,6,29.1867,55.9430,".(C .(var1834_ var186_)) = var186_;\nop27 = TAIL;"
1,4,7,29.7505,55.9430,".(C .(.(CONS .(var809_ var185_)) var186_)) = var186_;"
1,4,8,30.0533,55.9430,".(C var90_) = .(TAIL .(TAIL var90_));"
1,4,9,30.4436,55.9430,".(C .(.(var807_ .(DIGIT var185_)) var186_)) = var186_;"
1,5,0,16.0848,55.9430,"C = TAIL;"
1,5,1,20.0779,55.9430,".(C var48_) = .(TAIL var48_);"
1,5,2,21.2129,55.9430,".(C .(var655_ var60_)) = var60_;"
1,5,3,23.3737,55.9430,".(C .(.(CONS var59_) var60_)) = var60_;"
1,5,4,24.5087,55.9430,".(C .(.(var656_ var59_) var60_)) = var60_;"
1,5,5,27.5326,55.9430,".(C .(.(var807_ .(var1009_ var185_)) var186_)) = var186_;"
1,5,6,29.1867,55.9430,".(C .(var1834_ var186_)) = var186_;\nop27 = TAIL;"
1,5,7,29.4099,55.9430,"op27 = TAIL;\n.(C .(var1834_ var186_)) = var186_;"
1,5,8,29.4099,55.9430,"op29 = TAIL;\n.(C .(var1834_ var186_)) = var186_;"
1,5,9,32.9489,55.9430,".(C var90_) = var90_;"
1,6,0,16.0848,55.9430,"C = TAIL;"
1,6,1,20.0779,55.9430,".(C var48_) = .(TAIL var48_);"
1,6,2,21.2129,55.9430,".(C .(var655_ var60_)) = var60_;"
1,6,3,23.3737,55.9430,".(C .(.(CONS var59_) var60_)) = var60_;"
1,6,4,24.5087,55.9430,".(C .(.(var656_ var59_) var60_)) = var60_;"
1,6,5,27.5326,55.9430,".(C .(.(var807_ .(var1009_ var185_)) var186_)) = var186_;"
1,6,6,29.1867,55.9430,".(C .(var1834_ var186_)) = var186_;\nop27 = TAIL;"
1,6,7,29.4099,55.9430,"op27 = TAIL;\n.(C .(var1834_ var186_)) = var186_;"
1,6,8,29.4099,55.9430,".(C .(var2418_ var186_)) = var186_;\nop29 = TAIL;"
1,6,9,29.4099,55.9430,"op43 = TAIL;\n.(C .(var1834_ var186_)) = var186_;"
1,7,0,16.0848,55.9430,"C = TAIL;"
1,7,1,20.0779,55.9430,".(C var48_) = .(TAIL var48_);"
1,7,2,21.2129,55.9430,".(C .(var655_ var60_)) = var60_;"
1,7,3,23.3737,55.9430,".(C .(.(CONS var59_) var60_)) = var60_;"
1,7,4,24.5087,55.9430,".(C .(.(var656_ var59_) var60_)) = var60_;"
1,7,5,26.0004,55.9430,"op32 = op24;\n.(C .(var1834_ var186_)) = var186_;"
1,7,6,27.5326,55.9430,".(C .(.(var807_ .(var1009_ var185_)) var186_)) = var186_;"
1,7,7,29.4099,55.9430,"op43 = op45;\n.(C .(var1834_ var186_)) = var186_;"
1,7,8,29.4099,55.9430,".(C .(var2418_ var186_)) = var186_;\nop29 = TAIL;"
1,7,9,32.2762,55.9430,".(C .(.(var807_ .(DIGIT var185_)) var186_)) = var186_;"
1,8,0,16.0848,55.9430,"C = TAIL;"
1,8,1,20.0779,55.9430,".(C var48_) = .(TAIL var48_);"
1,8,2,21.2129,55.9430,".(C .(var655_ var60_)) = var60_;"
1,8,3,23.3737,55.9430,".(C .(.(CONS var59_) var60_)) = var60_;"
1,8,4,24.5087,55.9430,".(C .(.(var656_ var59_) var60_)) = var60_;"
1,8,5,26.0004,55.9430,"op32 = op24;\n.(C .(var1834_ var186_)) = var186_;"
1,8,6,27.5326,55.9430,".(C .(.(var807_ .(var1009_ var185_)) var186_)) = var186_;"
1,8,7,29.4099,55.9430,"op29 = op45;\n.(C .(var1834_ var186_)) = var186_;"
1,8,8,29.4099,55.9430,"op29 = op35;\n.(C .(var2418_ var186_)) = var186_;"
1,8,9,29.4099,55.9430,".(C .(var1834_ var186_)) = var186_;\nop43 = op45;"
1,9,0,16.0848,55.9430,"C = TAIL;"
1,9,1,20.0779,55.9430,".(C var48_) = .(TAIL var48_);"
1,9,2,21.2129,55.9430,".(C .(var655_ var60_)) = var60_;"
1,9,3,23.3737,55.9430,".(C .(.(CONS var59_) var60_)) = var60_;"
1,9,4,24.5087,55.9430,".(C .(.(var656_ var59_) var60_)) = var60_;"
1,9,5,26.0004,55.9430,".(C .(var3188_ var186_)) = var186_;\nop32 = op24;"
1,9,6,26.0004,55.9430,"op32 = op24;\n.(C .(var1834_ var186_)) = var186_;"
1,9,7,29.4099,55.9430,".(C .(var1834_ var186_)) = var186_;\nop43 = op45;"
1,9,8,29.4099,55.9430,".(C .(var2418_ var186_)) = var186_;\nop29 = op35;"
1,9,9,29.4099,55.9430,"op29 = op45;\n.(C .(var1834_ var186_)) = var186_;"
2,0,0,24.1957,75.2647,"C = TAIL;"
2,0,1,30.2401,75.2647,".(C .(var655_ var60_)) = var60_;"
2,0,2,33.1023,75.2647,".(C var48_) = .(TAIL var48_);"
2,0,3,33.5360,75.2647,".(C .(.(var656_ var59_) var60_)) = var60_;"
2,0,4,34.1113,75.2647,"op32 = op24;\n.(C .(var1834_ var186_)) = var186_;"
2,0,5,34.1113,75.2647,".(C .(var3188_ var186_)) = var186_;\nop32 = op24;"
2,0,6,36.3982,75.2647,".(C .(.(CONS var59_) var60_)) = var60_;"
2,0,7,37.5208,75.2647,"TAIL = op45;\n.(C .(var1834_ var186_)) = var186_;"
2,0,8,37.5208,75.2647,"op43 = op45;\n.(C .(var1834_ var186_)) = var186_;"
2,0,9,37.5208,75.2647,"op29 = op49;\n.(C .(var1834_ var186_)) = var186_;"
