
Loading parameters
------------------

Loading lexicon
---------------
Signature:
C/0: list → list
TRUE/0: bool
FALSE/0: bool
NIL/0: list
CONS/0: nat → list → list
0/0: digit
1/0: digit
2/0: digit
3/0: digit
4/0: digit
5/0: digit
6/0: digit
7/0: digit
8/0: digit
9/0: digit
DIGIT/0: digit → nat
DECC/0: nat → digit → nat
./2: ∀t1. ∀t2. (t1 → t2) → t1 → t2
EMPTY/0: list → bool
EQUAL/0: ∀t0. t0 → t0 → bool
HEAD/0: list → nat
IF/0: ∀t0. bool → t0 → t0 → t0
TAIL/0: list → list
x_: t6
y_: t7
x_: t20
x_: t30
y_: t31
x_: t41
y_: t42
x_: t54
y_: t55
x_: t68
y_: t69
x_: t88
y_: t89

Background: 9
EMPTY [] = TRUE
EMPTY (CONS x_ y_) = FALSE
EQUAL x_ x_ = TRUE
EQUAL x_ y_ = FALSE
HEAD (CONS x_ y_) = x_
IF TRUE x_ y_ = x_
IF FALSE x_ y_ = y_
TAIL [] = []
TAIL (CONS x_ y_) = y_

Templates: 4
C (CONS [!] [!]) = [!]
C [] = [!]
C [!] = [!]
[!] = [!]

Deterministic: true

Context { substitution: {}, next: 217 }

Loading data
------------
Datum { i: IntList([2, 4, 8, 1]), o: IntList([8, 8, 8, 1]) }
Datum { i: IntList([47, 24, 50]), o: IntList([50, 50, 50]) }
Datum { i: IntList([9, 3, 1, 77, 1]), o: IntList([1, 1, 1, 77, 1]) }
Datum { i: IntList([6, 4, 18, 68, 11, 9, 2, 68, 20]), o: IntList([18, 18, 18, 68, 11, 9, 2, 68, 20]) }
Datum { i: IntList([4, 46, 3, 59, 4, 0, 41]), o: IntList([3, 3, 3, 59, 4, 0, 41]) }
Datum { i: IntList([4, 4, 5, 10, 9, 2, 58, 33]), o: IntList([5, 5, 5, 10, 9, 2, 58, 33]) }
Datum { i: IntList([60, 0, 36, 9, 47]), o: IntList([36, 36, 36, 9, 47]) }
Datum { i: IntList([91, 3, 5, 1, 79, 70, 1]), o: IntList([5, 5, 5, 1, 79, 70, 1]) }
Datum { i: IntList([7, 1, 5, 2, 44, 73, 9]), o: IntList([5, 5, 5, 2, 44, 73, 9]) }
Datum { i: IntList([41, 84, 0, 41, 8]), o: IntList([0, 0, 0, 41, 8]) }
Datum { i: IntList([89, 61, 75, 39]), o: IntList([75, 75, 75, 39]) }
Datum { i: IntList([8, 0, 9, 10, 53, 83, 4, 2, 3, 55]), o: IntList([9, 9, 9, 10, 53, 83, 4, 2, 3, 55]) }
Datum { i: IntList([9, 96, 9, 83]), o: IntList([9, 9, 9, 83]) }
Datum { i: IntList([5, 38, 33, 15, 0]), o: IntList([33, 33, 33, 15, 0]) }
Datum { i: IntList([98, 8, 8, 8, 9, 6]), o: IntList([8, 8, 8, 8, 9, 6]) }
Datum { i: IntList([10, 2, 10, 5, 93, 2, 3, 5, 6]), o: IntList([10, 10, 10, 5, 93, 2, 3, 5, 6]) }
Datum { i: IntList([24, 22, 10, 10, 76, 3, 59]), o: IntList([10, 10, 10, 10, 76, 3, 59]) }
Datum { i: IntList([20, 47, 5, 78, 7, 1]), o: IntList([5, 5, 5, 78, 7, 1]) }
Datum { i: IntList([7, 34, 2]), o: IntList([2, 2, 2]) }
Datum { i: IntList([5, 8, 6, 1, 69, 6, 33, 10, 3]), o: IntList([6, 6, 6, 1, 69, 6, 33, 10, 3]) }
Datum { i: IntList([3, 65, 14, 8, 4, 81, 9, 43, 1, 4]), o: IntList([14, 14, 14, 8, 4, 81, 9, 43, 1, 4]) }
Datum { i: IntList([94, 75, 4, 5, 9, 35]), o: IntList([4, 4, 4, 5, 9, 35]) }
Datum { i: IntList([7, 53, 3, 6, 69]), o: IntList([3, 3, 3, 6, 69]) }
Datum { i: IntList([7, 1, 9]), o: IntList([9, 9, 9]) }
Datum { i: IntList([5, 2, 1, 10, 8, 85, 8, 9, 1, 8]), o: IntList([1, 1, 1, 10, 8, 85, 8, 9, 1, 8]) }
Datum { i: IntList([9, 2, 45, 49, 84, 49, 13, 8, 46, 12]), o: IntList([45, 45, 45, 49, 84, 49, 13, 8, 46, 12]) }
Datum { i: IntList([94, 7, 9, 10]), o: IntList([9, 9, 9, 10]) }
Datum { i: IntList([62, 8, 9]), o: IntList([9, 9, 9]) }
Datum { i: IntList([30, 5, 57, 8, 4, 6, 58, 61, 34, 73]), o: IntList([57, 57, 57, 8, 4, 6, 58, 61, 34, 73]) }
Datum { i: IntList([1, 6, 8, 8]), o: IntList([8, 8, 8, 8]) }
Datum { i: IntList([1, 4, 7, 28, 6, 3, 26]), o: IntList([7, 7, 7, 28, 6, 3, 26]) }
Datum { i: IntList([42, 42, 10, 9, 1, 1, 83, 31, 27]), o: IntList([10, 10, 10, 9, 1, 1, 83, 31, 27]) }
Datum { i: IntList([33, 89, 5, 5, 5]), o: IntList([5, 5, 5, 5, 5]) }
Datum { i: IntList([2, 9, 80, 27, 1, 26, 39, 3, 69]), o: IntList([80, 80, 80, 27, 1, 26, 39, 3, 69]) }
Datum { i: IntList([55, 2, 28, 0, 56]), o: IntList([28, 28, 28, 0, 56]) }
Datum { i: IntList([1, 85, 7, 64, 5, 7, 64, 4]), o: IntList([7, 7, 7, 64, 5, 7, 64, 4]) }
Datum { i: IntList([6, 6, 7, 55, 10, 58, 9, 54]), o: IntList([7, 7, 7, 55, 10, 58, 9, 54]) }
Datum { i: IntList([80, 0, 18, 40, 2, 42, 39, 87, 88]), o: IntList([18, 18, 18, 40, 2, 42, 39, 87, 88]) }
Datum { i: IntList([10, 17, 7, 9, 6, 0]), o: IntList([7, 7, 7, 9, 6, 0]) }
Datum { i: IntList([6, 73, 5, 8, 43]), o: IntList([5, 5, 5, 8, 43]) }
Datum { i: IntList([59, 7, 4, 90, 1, 9, 9, 8]), o: IntList([4, 4, 4, 90, 1, 9, 9, 8]) }
Datum { i: IntList([50, 53, 3, 1]), o: IntList([3, 3, 3, 1]) }
Datum { i: IntList([9, 2, 8, 34, 2, 70, 4, 42, 37]), o: IntList([8, 8, 8, 34, 2, 70, 4, 42, 37]) }
Datum { i: IntList([47, 47, 1, 34, 3, 36, 5, 73, 81, 43]), o: IntList([1, 1, 1, 34, 3, 36, 5, 73, 81, 43]) }
Datum { i: IntList([5, 88, 83, 5, 6]), o: IntList([83, 83, 83, 5, 6]) }
Datum { i: IntList([49, 9, 3, 87, 22, 4]), o: IntList([3, 3, 3, 87, 22, 4]) }
Datum { i: IntList([5, 23, 34, 90]), o: IntList([34, 34, 34, 90]) }
Datum { i: IntList([10, 4, 7, 4, 1, 21, 39, 1, 1]), o: IntList([7, 7, 7, 4, 1, 21, 39, 1, 1]) }
Datum { i: IntList([9, 6, 80, 12]), o: IntList([80, 80, 80, 12]) }
Datum { i: IntList([10, 46, 50, 10, 85, 76, 32, 8]), o: IntList([50, 50, 50, 10, 85, 76, 32, 8]) }

Loading H*
----------
.(C .(.(CONS x_) .(.(CONS y_) .(.(CONS z_) xs_)))) = .(.(CONS z_) .(.(CONS z_) .(.(CONS z_) xs_)));

Initial Population
------------------
0: 4.5643 "C = TAIL;"
1: 7.9780 ".(C var17_) = NIL;"
2: 7.9780 ".(C var39_) = var39_;"
3: 11.9670 ".(C var79_) = .(TAIL var79_);"
4: 15.0580 ".(C var130_) = .(TAIL NIL);"
5: 15.2628 ".(C .(.(CONS var32_) var33_)) = NIL;"
6: 15.2628 ".(C .(.(CONS var37_) var38_)) = var38_;"
7: 19.5004 "C = .(.(.(IF TRUE) TAIL) TAIL);"
8: 19.9449 ".(C .(.(CONS var47_) var48_)) = .(TAIL var48_);"
9: 20.8387 ".(C var419_) = .(.(CONS .(DIGIT 7)) var419_);"

Initial Prediction
------------------

Evolving
--------
n_data,generation,rank,nlposterior,h_star_nlposterior,trs
1,0,0,21.4051,55.2298,"C = TAIL;"
1,0,1,28.8077,55.2298,".(C var79_) = .(TAIL var79_);"
1,0,2,30.3731,55.2298,".(C .(var503_ var48_)) = .(TAIL var48_);"
1,0,3,30.4951,55.2298,".(C var39_) = var39_;"
1,0,4,31.8311,55.2298,".(var547_ var17_) = NIL;"
1,0,5,32.1036,55.2298,".(C .(.(CONS var37_) var38_)) = var38_;"
1,0,6,32.2305,55.2298,".(C .(.(CONS var47_) var48_)) = .(TAIL var48_);"
1,0,7,33.3351,55.2298,".(C var17_) = NIL;"
1,0,8,34.0744,55.2298,".(C .(.(var504_ var47_) var48_)) = .(TAIL var48_);"
1,0,9,36.3412,55.2298,"C = .(.(.(IF TRUE) TAIL) TAIL);"
1,1,0,21.4051,55.2298,"C = TAIL;"
1,1,1,28.8077,55.2298,".(C var79_) = .(TAIL var79_);"
1,1,2,29.9892,55.2298,".(C .(var755_ var38_)) = var38_;"
1,1,3,30.3731,55.2298,".(C .(var503_ var48_)) = .(TAIL var48_);"
1,1,4,30.4951,55.2298,".(C var39_) = var39_;"
1,1,5,31.8311,55.2298,".(var547_ var17_) = NIL;"
1,1,6,32.1036,55.2298,".(C .(.(CONS var37_) var38_)) = var38_;"
1,1,7,32.2305,55.2298,".(C .(.(CONS var47_) var48_)) = .(TAIL var48_);"
1,1,8,33.2851,55.2298,".(C .(.(var756_ var37_) var38_)) = var38_;"
1,1,9,33.3351,55.2298,".(C var17_) = NIL;"
1,2,0,21.4051,55.2298,"C = TAIL;"
1,2,1,28.8077,55.2298,".(C var79_) = .(TAIL var79_);"
1,2,2,29.9892,55.2298,".(C .(var755_ var38_)) = var38_;"
1,2,3,30.3731,55.2298,".(C .(var503_ var48_)) = .(TAIL var48_);"
1,2,4,30.4951,55.2298,".(C var39_) = var39_;"
1,2,5,31.8311,55.2298,".(var547_ var17_) = NIL;"
1,2,6,32.1036,55.2298,".(C .(.(CONS var37_) var38_)) = var38_;"
1,2,7,32.2305,55.2298,".(C .(.(CONS var47_) var48_)) = .(TAIL var48_);"
1,2,8,33.2851,55.2298,".(C .(.(var756_ var37_) var38_)) = var38_;"
1,2,9,34.9266,55.2298,".(C .(.(var1081_ var47_) var48_)) = .(TAIL var48_);"
1,3,0,21.4051,55.2298,"C = TAIL;"
1,3,1,28.8077,55.2298,".(C var79_) = .(TAIL var79_);"
1,3,2,29.9892,55.2298,".(C .(var755_ var38_)) = var38_;"
1,3,3,30.3731,55.2298,".(C .(var503_ var48_)) = .(TAIL var48_);"
1,3,4,30.4951,55.2298,".(C var39_) = var39_;"
1,3,5,31.8311,55.2298,".(var547_ var17_) = NIL;"
1,3,6,32.1036,55.2298,".(C .(.(CONS var37_) var38_)) = var38_;"
1,3,7,32.2305,55.2298,".(C .(.(CONS var47_) var48_)) = .(TAIL var48_);"
1,3,8,32.5242,55.2298,".(var1543_ var39_) = var39_;"
1,3,9,34.9266,55.2298,".(C .(.(var1081_ var47_) var48_)) = .(TAIL var48_);"
1,4,0,21.4051,55.2298,"C = TAIL;"
1,4,1,28.8077,55.2298,".(C var79_) = .(TAIL var79_);"
1,4,2,29.9892,55.2298,".(C .(var755_ var38_)) = var38_;"
1,4,3,30.3731,55.2298,".(C .(var503_ var48_)) = .(TAIL var48_);"
1,4,4,30.4951,55.2298,".(C var39_) = var39_;"
1,4,5,31.8311,55.2298,".(var547_ var17_) = NIL;"
1,4,6,32.1036,55.2298,".(C .(.(CONS var37_) var38_)) = var38_;"
1,4,7,32.2305,55.2298,".(C .(.(CONS var47_) var48_)) = .(TAIL var48_);"
1,4,8,32.5242,55.2298,".(var1543_ var39_) = var39_;"
1,4,9,34.2458,55.2298,".(C .(.(var2079_ var37_) var38_)) = var38_;"
1,5,0,21.4051,55.2298,"C = TAIL;"
1,5,1,28.8077,55.2298,".(C var79_) = .(TAIL var79_);"
1,5,2,29.9892,55.2298,".(C .(var755_ var38_)) = var38_;"
1,5,3,30.3731,55.2298,".(C .(var503_ var48_)) = .(TAIL var48_);"
1,5,4,30.4951,55.2298,".(C var39_) = var39_;"
1,5,5,31.8311,55.2298,".(var547_ var17_) = NIL;"
1,5,6,32.1036,55.2298,".(C .(.(CONS var37_) var38_)) = var38_;"
1,5,7,32.2305,55.2298,".(C .(.(CONS var47_) var48_)) = .(TAIL var48_);"
1,5,8,32.5242,55.2298,".(var1543_ var39_) = var39_;"
1,5,9,33.1293,55.2298,".(var2623_ .(.(var2079_ var37_) var38_)) = var38_;"
1,6,0,21.4051,55.2298,"C = TAIL;"
1,6,1,28.8077,55.2298,".(C var79_) = .(TAIL var79_);"
1,6,2,29.9892,55.2298,".(C .(var755_ var38_)) = var38_;"
1,6,3,30.3731,55.2298,".(C .(var503_ var48_)) = .(TAIL var48_);"
1,6,4,30.4951,55.2298,".(C var39_) = var39_;"
1,6,5,31.8311,55.2298,".(var547_ var17_) = NIL;"
1,6,6,32.1036,55.2298,".(C .(.(CONS var37_) var38_)) = var38_;"
1,6,7,32.2305,55.2298,".(C .(.(CONS var47_) var48_)) = .(TAIL var48_);"
1,6,8,32.5242,55.2298,".(var1543_ var39_) = var39_;"
1,6,9,33.1293,55.2298,".(var2623_ .(.(var2079_ var37_) var38_)) = var38_;"
1,7,0,21.4051,55.2298,"C = TAIL;"
1,7,1,28.8077,55.2298,".(C var79_) = .(TAIL var79_);"
1,7,2,29.9892,55.2298,".(C .(var755_ var38_)) = var38_;"
1,7,3,30.3731,55.2298,".(C .(var503_ var48_)) = .(TAIL var48_);"
1,7,4,30.4951,55.2298,".(C var39_) = var39_;"
1,7,5,31.8311,55.2298,".(var547_ var17_) = NIL;"
1,7,6,32.1036,55.2298,".(C .(.(CONS var37_) var38_)) = var38_;"
1,7,7,32.2305,55.2298,".(C .(.(CONS var47_) var48_)) = .(TAIL var48_);"
1,7,8,32.5242,55.2298,".(var1543_ var39_) = var39_;"
1,7,9,33.1293,55.2298,".(var2623_ .(.(var2079_ var37_) var38_)) = var38_;"
1,8,0,21.4051,55.2298,"C = TAIL;"
1,8,1,28.8077,55.2298,".(C var79_) = .(TAIL var79_);"
1,8,2,29.9892,55.2298,".(C .(var755_ var38_)) = var38_;"
1,8,3,30.3731,55.2298,".(C .(var503_ var48_)) = .(TAIL var48_);"
1,8,4,30.4951,55.2298,".(C var39_) = var39_;"
1,8,5,31.8311,55.2298,".(var547_ var17_) = NIL;"
1,8,6,32.1036,55.2298,".(C .(.(CONS var37_) var38_)) = var38_;"
1,8,7,32.2305,55.2298,".(C .(.(CONS var47_) var48_)) = .(TAIL var48_);"
1,8,8,32.5242,55.2298,".(var1543_ var39_) = var39_;"
1,8,9,33.1293,55.2298,".(var2623_ .(.(var2079_ var37_) var38_)) = var38_;"
1,9,0,21.4051,55.2298,"C = TAIL;"
1,9,1,28.8077,55.2298,".(C var79_) = .(TAIL var79_);"
1,9,2,29.9892,55.2298,".(C .(var755_ var38_)) = var38_;"
1,9,3,30.3731,55.2298,".(C .(var503_ var48_)) = .(TAIL var48_);"
1,9,4,30.4951,55.2298,".(C var39_) = var39_;"
1,9,5,31.8311,55.2298,".(var547_ var17_) = NIL;"
1,9,6,32.1036,55.2298,".(C .(.(CONS var37_) var38_)) = var38_;"
1,9,7,32.2305,55.2298,".(C .(.(CONS var47_) var48_)) = .(TAIL var48_);"
1,9,8,32.5242,55.2298,".(var1543_ var39_) = var39_;"
1,9,9,33.1293,55.2298,".(var2623_ .(.(var2079_ var37_) var38_)) = var38_;"
2,0,0,40.7950,76.8772,"C = TAIL;"
2,0,1,45.6944,76.8772,".(C .(var503_ var48_)) = .(TAIL var48_);"
2,0,2,47.9522,76.8772,".(C .(var755_ var38_)) = var38_;"
2,0,3,49.6299,76.8772,".(C .(.(var5486_ var47_) var48_)) = .(TAIL var48_);"
2,0,4,50.9091,76.8772,".(var547_ var17_) = NIL;"
2,0,5,51.2903,76.8772,".(C var79_) = .(TAIL var79_);"
2,0,6,51.3652,76.8772,".(C .(.(var5426_ var37_) var38_)) = var38_;"
2,0,7,51.6022,76.8772,".(var1543_ var39_) = var39_;"
2,0,8,52.2074,76.8772,".(var2623_ .(.(var2079_ var37_) var38_)) = var38_;"
2,0,9,53.0215,76.8772,".(C .(.(CONS var47_) var48_)) = .(TAIL var48_);"
2,1,0,40.7950,76.8772,"C = TAIL;"
2,1,1,45.6944,76.8772,".(C .(var503_ var48_)) = .(TAIL var48_);"
2,1,2,47.9522,76.8772,".(C .(var755_ var38_)) = var38_;"
2,1,3,49.6299,76.8772,".(C .(.(var5486_ var47_) var48_)) = .(TAIL var48_);"
2,1,4,50.9091,76.8772,".(var547_ var17_) = NIL;"
2,1,5,51.2903,76.8772,".(C var79_) = .(TAIL var79_);"
2,1,6,51.3652,76.8772,".(C .(.(var5426_ var37_) var38_)) = var38_;"
2,1,7,51.6022,76.8772,".(var1543_ var39_) = var39_;"
2,1,8,52.2074,76.8772,".(var2623_ .(.(var2079_ var37_) var38_)) = var38_;"
2,1,9,55.7533,76.8772,".(var547_ NIL) = NIL;"
2,2,0,40.7950,76.8772,"C = TAIL;"
2,2,1,45.6944,76.8772,".(C .(var503_ var48_)) = .(TAIL var48_);"
2,2,2,47.9522,76.8772,".(C .(var755_ var38_)) = var38_;"
2,2,3,49.6299,76.8772,".(C .(.(var5486_ var47_) var48_)) = .(TAIL var48_);"
2,2,4,50.9091,76.8772,".(var547_ var17_) = NIL;"
2,2,5,51.2903,76.8772,".(C var79_) = .(TAIL var79_);"
2,2,6,51.3652,76.8772,".(C .(.(var5426_ var37_) var38_)) = var38_;"
2,2,7,51.6022,76.8772,".(var1543_ var39_) = var39_;"
2,2,8,52.2074,76.8772,".(var2623_ .(.(var2079_ var37_) var38_)) = var38_;"
2,2,9,55.6095,76.8772,".(C var6176_) = var6176_;"
2,3,0,40.7950,76.8772,"C = TAIL;"
2,3,1,45.6944,76.8772,".(C .(var503_ var48_)) = .(TAIL var48_);"
2,3,2,47.9522,76.8772,".(C .(var755_ var38_)) = var38_;"
2,3,3,49.6299,76.8772,".(C .(.(var5486_ var47_) var48_)) = .(TAIL var48_);"
2,3,4,50.9091,76.8772,".(var547_ var17_) = NIL;"
2,3,5,51.2903,76.8772,".(C var79_) = .(TAIL var79_);"
2,3,6,51.3652,76.8772,".(C .(.(var5426_ var37_) var38_)) = var38_;"
2,3,7,51.6022,76.8772,".(var1543_ var39_) = var39_;"
2,3,8,52.2074,76.8772,".(var2623_ .(.(var2079_ var37_) var38_)) = var38_;"
2,3,9,56.0180,76.8772,".(C var6493_) = NIL;"
