
Loading parameters
------------------

Loading lexicon
---------------
Signature:
C/0: list → list
TRUE/0: bool
FALSE/0: bool
NIL/0: list
CONS/0: nat → list → list
0/0: digit
1/0: digit
2/0: digit
3/0: digit
4/0: digit
5/0: digit
6/0: digit
7/0: digit
8/0: digit
9/0: digit
DIGIT/0: digit → nat
DECC/0: nat → digit → nat
./2: ∀t1. ∀t2. (t1 → t2) → t1 → t2
EMPTY/0: list → bool
EQUAL/0: ∀t0. t0 → t0 → bool
HEAD/0: list → nat
IF/0: ∀t0. bool → t0 → t0 → t0
TAIL/0: list → list
x_: t6
y_: t7
x_: t20
x_: t30
y_: t31
x_: t41
y_: t42
x_: t54
y_: t55
x_: t68
y_: t69
x_: t88
y_: t89

Background: 9
EMPTY [] = TRUE
EMPTY (CONS x_ y_) = FALSE
EQUAL x_ x_ = TRUE
EQUAL x_ y_ = FALSE
HEAD (CONS x_ y_) = x_
IF TRUE x_ y_ = x_
IF FALSE x_ y_ = y_
TAIL [] = []
TAIL (CONS x_ y_) = y_

Templates: 4
C (CONS [!] [!]) = [!]
C [] = [!]
C [!] = [!]
[!] = [!]

Deterministic: true

Context { substitution: {}, next: 217 }

Loading data
------------
Datum { i: IntList([8, 7, 76, 5, 50, 3, 9, 8, 3]), o: IntList([8, 8, 76, 5, 50, 3, 9, 8, 3]) }
Datum { i: IntList([1, 1, 48, 69, 85, 4, 36, 9]), o: IntList([1, 1, 48, 69, 85, 4, 36, 9]) }
Datum { i: IntList([29, 57, 7, 10, 1, 1, 83, 9, 4]), o: IntList([29, 29, 7, 10, 1, 1, 83, 9, 4]) }
Datum { i: IntList([10, 69, 4]), o: IntList([10, 10, 4]) }
Datum { i: IntList([6, 1, 68, 91, 9, 26]), o: IntList([6, 6, 68, 91, 9, 26]) }
Datum { i: IntList([44, 14]), o: IntList([44, 44]) }
Datum { i: IntList([9, 4, 7, 95]), o: IntList([9, 9, 7, 95]) }
Datum { i: IntList([1, 2, 85]), o: IntList([1, 1, 85]) }
Datum { i: IntList([43, 5, 74, 77, 7, 34]), o: IntList([43, 43, 74, 77, 7, 34]) }
Datum { i: IntList([8, 60, 8, 41, 6, 75, 8, 1, 10]), o: IntList([8, 8, 8, 41, 6, 75, 8, 1, 10]) }
Datum { i: IntList([12, 1]), o: IntList([12, 12]) }
Datum { i: IntList([2, 27, 3, 1, 82]), o: IntList([2, 2, 3, 1, 82]) }
Datum { i: IntList([66, 21, 56, 6, 4, 2, 7, 72]), o: IntList([66, 66, 56, 6, 4, 2, 7, 72]) }
Datum { i: IntList([2, 2, 44, 43, 82, 9, 85, 94, 66, 9]), o: IntList([2, 2, 44, 43, 82, 9, 85, 94, 66, 9]) }
Datum { i: IntList([10, 0, 32, 23, 15, 1, 0]), o: IntList([10, 10, 32, 23, 15, 1, 0]) }
Datum { i: IntList([54, 2, 29, 30, 4, 5, 0]), o: IntList([54, 54, 29, 30, 4, 5, 0]) }
Datum { i: IntList([4, 52, 33, 11, 56, 88, 0, 8, 63]), o: IntList([4, 4, 33, 11, 56, 88, 0, 8, 63]) }
Datum { i: IntList([3, 40, 1, 9, 3, 80, 10]), o: IntList([3, 3, 1, 9, 3, 80, 10]) }
Datum { i: IntList([10, 0, 10]), o: IntList([10, 10, 10]) }
Datum { i: IntList([2, 5, 9, 14, 3, 7, 83, 62]), o: IntList([2, 2, 9, 14, 3, 7, 83, 62]) }
Datum { i: IntList([35, 10, 97, 87, 10]), o: IntList([35, 35, 97, 87, 10]) }
Datum { i: IntList([7, 5]), o: IntList([7, 7]) }
Datum { i: IntList([5, 10, 56, 9, 0, 77, 77, 96, 79]), o: IntList([5, 5, 56, 9, 0, 77, 77, 96, 79]) }
Datum { i: IntList([3, 29, 4, 9, 91, 21, 7, 1, 25, 52]), o: IntList([3, 3, 4, 9, 91, 21, 7, 1, 25, 52]) }
Datum { i: IntList([51, 31]), o: IntList([51, 51]) }
Datum { i: IntList([12, 0, 48, 7, 55, 2, 4, 9]), o: IntList([12, 12, 48, 7, 55, 2, 4, 9]) }
Datum { i: IntList([9, 82, 8, 0, 10]), o: IntList([9, 9, 8, 0, 10]) }
Datum { i: IntList([10, 0, 3, 29]), o: IntList([10, 10, 3, 29]) }
Datum { i: IntList([10, 5, 3, 6, 3]), o: IntList([10, 10, 3, 6, 3]) }
Datum { i: IntList([71, 4]), o: IntList([71, 71]) }
Datum { i: IntList([97, 8, 2, 92]), o: IntList([97, 97, 2, 92]) }
Datum { i: IntList([76, 0, 75, 53, 10, 68, 10, 41]), o: IntList([76, 76, 75, 53, 10, 68, 10, 41]) }
Datum { i: IntList([4, 5, 62]), o: IntList([4, 4, 62]) }
Datum { i: IntList([8, 9, 8, 54, 3, 10, 0, 5]), o: IntList([8, 8, 8, 54, 3, 10, 0, 5]) }
Datum { i: IntList([7, 8, 78, 5, 4, 6, 61]), o: IntList([7, 7, 78, 5, 4, 6, 61]) }
Datum { i: IntList([5, 15, 8, 7, 0, 79, 33, 4, 63]), o: IntList([5, 5, 8, 7, 0, 79, 33, 4, 63]) }
Datum { i: IntList([1, 10, 52, 93, 65, 20, 6, 88, 2, 2]), o: IntList([1, 1, 52, 93, 65, 20, 6, 88, 2, 2]) }
Datum { i: IntList([94, 63, 9, 46, 67, 76, 10]), o: IntList([94, 94, 9, 46, 67, 76, 10]) }
Datum { i: IntList([71, 4, 29, 5, 2, 46, 19, 12]), o: IntList([71, 71, 29, 5, 2, 46, 19, 12]) }
Datum { i: IntList([89, 2]), o: IntList([89, 89]) }
Datum { i: IntList([0, 86, 79, 96, 24]), o: IntList([0, 0, 79, 96, 24]) }
Datum { i: IntList([58, 55, 0, 85]), o: IntList([58, 58, 0, 85]) }
Datum { i: IntList([4, 62, 3]), o: IntList([4, 4, 3]) }
Datum { i: IntList([59, 17, 41, 2, 82]), o: IntList([59, 59, 41, 2, 82]) }
Datum { i: IntList([26, 9, 30, 3, 2, 69, 2, 84]), o: IntList([26, 26, 30, 3, 2, 69, 2, 84]) }
Datum { i: IntList([1, 75, 77, 5, 10]), o: IntList([1, 1, 77, 5, 10]) }
Datum { i: IntList([65, 0, 0, 1, 7]), o: IntList([65, 65, 0, 1, 7]) }
Datum { i: IntList([1, 32, 2, 7]), o: IntList([1, 1, 2, 7]) }
Datum { i: IntList([30, 7, 25, 2, 35]), o: IntList([30, 30, 25, 2, 35]) }
Datum { i: IntList([84, 4, 61, 11, 1, 2, 6, 92]), o: IntList([84, 84, 61, 11, 1, 2, 6, 92]) }

Loading H*
----------
.(C .(.(CONS x_) .(.(CONS y_) z_))) = .(.(CONS x_) .(.(CONS x_) z_));

Initial Population
------------------
0: 4.5643 "C = TAIL;"
1: 7.9780 ".(C var31_) = var31_;"
2: 7.9780 ".(C var46_) = NIL;"
3: 11.9670 ".(C var66_) = .(TAIL var66_);"
4: 15.2628 ".(C .(.(CONS var24_) var25_)) = NIL;"
5: 15.2628 ".(C .(.(CONS var34_) var35_)) = var35_;"
6: 15.9559 ".(C var164_) = .(TAIL .(TAIL var164_));"
7: 19.9449 ".(C .(.(CONS var50_) var51_)) = .(TAIL var51_);"
8: 21.7326 ".(C var84_) = .(.(.(IF TRUE) NIL) var84_);"
9: 21.7326 ".(C var121_) = .(.(.(IF FALSE) NIL) var121_);"

Initial Prediction
------------------

Evolving
--------
n_data,generation,rank,nlposterior,h_star_nlposterior,trs
1,0,0,20.7334,40.0577,".(C var31_) = var31_;"
1,0,1,22.6132,40.0577,"C = TAIL;"
1,0,2,30.0158,40.0577,".(C var66_) = .(TAIL var66_);"
1,0,3,30.1762,40.0577,".(C var164_) = .(TAIL .(TAIL var164_));"
1,0,4,30.4088,40.0577,".(C .(var201_ var35_)) = var35_;"
1,0,5,31.3677,40.0577,".(C .(var227_ var51_)) = .(TAIL var51_);"
1,0,6,33.3116,40.0577,".(C .(.(CONS var34_) var35_)) = var35_;"
1,0,7,34.1652,40.0577,".(C .(.(CONS var50_) var51_)) = .(TAIL var51_);"
1,0,8,34.4880,40.0577,".(C var121_) = .(.(.(IF FALSE) NIL) var121_);"
1,0,9,35.0690,40.0577,".(C .(.(var228_ var50_) var51_)) = .(TAIL var51_);"
1,1,0,20.7334,40.0577,".(C var31_) = var31_;"
1,1,1,22.6132,40.0577,"C = TAIL;"
1,1,2,30.0158,40.0577,".(C var66_) = .(TAIL var66_);"
1,1,3,30.1762,40.0577,".(C var164_) = .(TAIL .(TAIL var164_));"
1,1,4,30.4088,40.0577,".(C .(var201_ var35_)) = var35_;"
1,1,5,31.3677,40.0577,".(C .(var227_ var51_)) = .(TAIL var51_);"
1,1,6,33.3116,40.0577,".(C .(.(CONS var34_) var35_)) = var35_;"
1,1,7,34.1652,40.0577,".(C .(.(CONS var50_) var51_)) = .(TAIL var51_);"
1,1,8,34.4880,40.0577,".(C var121_) = .(.(.(IF FALSE) NIL) var121_);"
1,1,9,34.8361,40.0577,".(C .(.(var782_ var34_) var35_)) = var35_;"
1,2,0,20.7334,40.0577,".(C var31_) = var31_;"
1,2,1,22.6132,40.0577,"C = TAIL;"
1,2,2,30.0158,40.0577,".(C var66_) = .(TAIL var66_);"
1,2,3,30.1762,40.0577,".(C var164_) = .(TAIL .(TAIL var164_));"
1,2,4,30.4088,40.0577,".(C .(var201_ var35_)) = var35_;"
1,2,5,31.3677,40.0577,".(C .(var227_ var51_)) = .(TAIL var51_);"
1,2,6,33.3116,40.0577,".(C .(.(CONS var34_) var35_)) = var35_;"
1,2,7,34.1652,40.0577,".(C .(.(CONS var50_) var51_)) = .(TAIL var51_);"
1,2,8,34.4880,40.0577,".(C var121_) = .(.(.(IF FALSE) NIL) var121_);"
1,2,9,34.8361,40.0577,".(C .(.(var782_ var34_) var35_)) = var35_;"
1,3,0,20.7334,40.0577,".(C var31_) = var31_;"
1,3,1,22.6132,40.0577,"C = TAIL;"
1,3,2,30.0158,40.0577,".(C var66_) = .(TAIL var66_);"
1,3,3,30.1762,40.0577,".(C var164_) = .(TAIL .(TAIL var164_));"
1,3,4,30.4088,40.0577,".(C .(var201_ var35_)) = var35_;"
1,3,5,31.3677,40.0577,".(C .(var227_ var51_)) = .(TAIL var51_);"
1,3,6,33.3116,40.0577,".(C .(.(CONS var34_) var35_)) = var35_;"
1,3,7,34.1652,40.0577,".(C .(.(CONS var50_) var51_)) = .(TAIL var51_);"
1,3,8,34.4880,40.0577,".(C var121_) = .(.(.(IF FALSE) NIL) var121_);"
1,3,9,34.8361,40.0577,".(C .(.(var782_ var34_) var35_)) = var35_;"
1,4,0,20.7334,40.0577,".(C var31_) = var31_;"
1,4,1,22.6132,40.0577,"C = TAIL;"
1,4,2,30.0158,40.0577,".(C var66_) = .(TAIL var66_);"
1,4,3,30.1762,40.0577,".(C var164_) = .(TAIL .(TAIL var164_));"
1,4,4,30.4088,40.0577,".(C .(var201_ var35_)) = var35_;"
1,4,5,31.3677,40.0577,".(C .(var227_ var51_)) = .(TAIL var51_);"
1,4,6,33.3116,40.0577,".(C .(.(CONS var34_) var35_)) = var35_;"
1,4,7,34.1652,40.0577,".(C .(.(CONS var50_) var51_)) = .(TAIL var51_);"
1,4,8,34.4880,40.0577,".(C var121_) = .(.(.(IF FALSE) NIL) var121_);"
1,4,9,34.8361,40.0577,".(C .(.(var782_ var34_) var35_)) = var35_;"
