    Finished release [optimized] target(s) in 0.09s
     Running `target/release/simulation trs/waves/1_5/c020/simulation.toml`

Loading parameters
------------------

Loading lexicon
---------------
Signature:
C/0: list → list
TRUE/0: bool
FALSE/0: bool
NIL/0: list
CONS/0: nat → list → list
0/0: digit
1/0: digit
2/0: digit
3/0: digit
4/0: digit
5/0: digit
6/0: digit
7/0: digit
8/0: digit
9/0: digit
DIGIT/0: digit → nat
DECC/0: nat → digit → nat
./2: ∀t1. ∀t2. (t1 → t2) → t1 → t2
EMPTY/0: list → bool
EQUAL/0: ∀t0. t0 → t0 → bool
HEAD/0: list → nat
IF/0: ∀t0. bool → t0 → t0 → t0
TAIL/0: list → list
x_: t6
y_: t7
x_: t20
x_: t30
y_: t31
x_: t41
y_: t42
x_: t54
y_: t55
x_: t68
y_: t69
x_: t88
y_: t89

Background: 9
EMPTY [] = TRUE
EMPTY (CONS x_ y_) = FALSE
EQUAL x_ x_ = TRUE
EQUAL x_ y_ = FALSE
HEAD (CONS x_ y_) = x_
IF TRUE x_ y_ = x_
IF FALSE x_ y_ = y_
TAIL [] = []
TAIL (CONS x_ y_) = y_

Templates: 4
C (CONS [!] [!]) = [!]
C [] = [!]
C [!] = [!]
[!] = [!]

Deterministic: true

Context { substitution: {}, cache: {}, next: 217 }

Loading data
------------
Datum { i: IntList([71, 71]), o: IntList([71]) }
Datum { i: IntList([1, 1]), o: IntList([1]) }
Datum { i: IntList([53, 53]), o: IntList([53]) }
Datum { i: IntList([5]), o: IntList([5, 5]) }
Datum { i: IntList([7, 7]), o: IntList([7]) }
Datum { i: IntList([68]), o: IntList([68, 68]) }
Datum { i: IntList([45]), o: IntList([45, 45]) }
Datum { i: IntList([67]), o: IntList([67, 67]) }
Datum { i: IntList([20, 20]), o: IntList([20]) }
Datum { i: IntList([41, 41]), o: IntList([41]) }
Datum { i: IntList([0]), o: IntList([0, 0]) }
Datum { i: IntList([4]), o: IntList([4, 4]) }
Datum { i: IntList([77]), o: IntList([77, 77]) }
Datum { i: IntList([58, 58]), o: IntList([58]) }
Datum { i: IntList([8, 8]), o: IntList([8]) }
Datum { i: IntList([73, 73]), o: IntList([73]) }
Datum { i: IntList([81]), o: IntList([81, 81]) }
Datum { i: IntList([0, 0]), o: IntList([0]) }
Datum { i: IntList([10, 10]), o: IntList([10]) }
Datum { i: IntList([13]), o: IntList([13, 13]) }
Datum { i: IntList([2, 2]), o: IntList([2]) }
Datum { i: IntList([47]), o: IntList([47, 47]) }
Datum { i: IntList([12, 12]), o: IntList([12]) }
Datum { i: IntList([96, 96]), o: IntList([96]) }
Datum { i: IntList([89]), o: IntList([89, 89]) }
Datum { i: IntList([3, 3]), o: IntList([3]) }
Datum { i: IntList([16]), o: IntList([16, 16]) }
Datum { i: IntList([69]), o: IntList([69, 69]) }
Datum { i: IntList([4, 4]), o: IntList([4]) }
Datum { i: IntList([6]), o: IntList([6, 6]) }
Datum { i: IntList([97]), o: IntList([97, 97]) }
Datum { i: IntList([17]), o: IntList([17, 17]) }
Datum { i: IntList([43, 43]), o: IntList([43]) }
Datum { i: IntList([13, 13]), o: IntList([13]) }
Datum { i: IntList([88, 88]), o: IntList([88]) }
Datum { i: IntList([63, 63]), o: IntList([63]) }
Datum { i: IntList([6, 6]), o: IntList([6]) }
Datum { i: IntList([87]), o: IntList([87, 87]) }
Datum { i: IntList([7]), o: IntList([7, 7]) }
Datum { i: IntList([3]), o: IntList([3, 3]) }
Datum { i: IntList([55, 55]), o: IntList([55]) }
Datum { i: IntList([50, 50]), o: IntList([50]) }
Datum { i: IntList([5, 5]), o: IntList([5]) }
Datum { i: IntList([9, 9]), o: IntList([9]) }
Datum { i: IntList([2]), o: IntList([2, 2]) }
Datum { i: IntList([88]), o: IntList([88, 88]) }
Datum { i: IntList([38]), o: IntList([38, 38]) }
Datum { i: IntList([10]), o: IntList([10, 10]) }
Datum { i: IntList([99, 99]), o: IntList([99]) }
Datum { i: IntList([73]), o: IntList([73, 73]) }

Loading H*
----------
.(C .(.(CONS x_) NIL)) = .(.(CONS x_) .(.(CONS x_) NIL));
.(C .(.(CONS x_) .(.(CONS x_) NIL))) = .(.(CONS x_) NIL);
operators: [C, TRUE, FALSE, NIL, CONS, 0, 1, 2, 3, 4, 5, 6, 7, 8, 9, DIGIT, DECC, ., EMPTY, EQUAL, HEAD, IF, TAIL]

Initial Population
------------------
0: 4.5643 "C = TAIL;"
1: 5.7807 ".(var88_ var89_) = var89_;"
2: 6.4739 ".(C var18_) = var18_;"
3: 6.4739 ".(C var21_) = NIL;"
4: 8.6711 ".(C .(var65_ var66_)) = var66_;"
5: 8.6711 ".(C .(var194_ var195_)) = NIL;"
6: 8.9588 ".(C var169_) = .(TAIL var169_);"
7: 10.4629 ".(C .(.(CONS var34_) var35_)) = var35_;"
8: 10.4629 ".(C .(.(CONS var62_) var63_)) = NIL;"
9: 13.9286 ".(C var197_) = .(TAIL .(TAIL .(TAIL NIL)));"

Initial Prediction
------------------

Evolving
--------
n_data,generation,rank,nlposterior,h_star_nlposterior,trs
1,0,0,0.0557,-0.2786,"C = TAIL;"
1,0,1,0.0967,-0.2375,".(C .(var65_ var66_)) = var66_;"
1,0,2,0.0996,-0.2346,".(C var169_) = .(TAIL var169_);"
1,0,3,0.1147,-0.2196,".(C .(.(CONS var34_) var35_)) = var35_;"
1,0,4,0.1487,-0.1856,".(C .(var471_ .(var471_ NIL))) = .(var471_ NIL);"
1,0,5,0.1568,-0.1775,".(C .(var1901_ .(var1901_ var1704_))) = .(var1901_ var1704_);"
1,0,6,0.1729,-0.1614,".(C .(var519_ var520_)) = var520_;\n.(C var63_) = NIL;"
1,0,7,0.1729,-0.1614,".(C .(var1185_ var1186_)) = var1186_;\n.(C var18_) = var18_;"
1,0,8,0.2156,-0.1186,".(C .(var471_ .(var471_ NIL))) = .(var471_ NIL);\n.(C var63_) = NIL;"
1,0,9,0.2156,-0.1186,".(C .(var1172_ .(var1172_ NIL))) = .(var1172_ NIL);\n.(C var18_) = var18_;"
1,1,0,0.0557,-0.2786,"C = TAIL;"
1,1,1,0.0967,-0.2375,".(C .(var65_ var66_)) = var66_;"
1,1,2,0.0996,-0.2346,".(C var169_) = .(TAIL var169_);"
1,1,3,0.1147,-0.2196,".(C .(.(CONS var34_) var35_)) = var35_;"
1,1,4,0.1147,-0.2196,".(C .(.(var10952_ var34_) var35_)) = var35_;"
1,1,5,0.1187,-0.2155,".(C .(var1172_ var11424_)) = .(var1172_ NIL);"
1,1,6,0.1487,-0.1856,".(C .(var471_ .(var471_ NIL))) = .(var471_ NIL);"
1,1,7,0.1488,-0.1854,".(var10944_ .(.(CONS var34_) var35_)) = var35_;"
1,1,8,0.1505,-0.1838,".(var7284_ .(var471_ .(var471_ NIL))) = .(var471_ NIL);"
1,1,9,0.1568,-0.1775,".(C .(var1901_ .(var1901_ var1704_))) = .(var1901_ var1704_);"
1,2,0,0.0557,-0.2786,"C = TAIL;"
1,2,1,0.0967,-0.2375,".(C .(var65_ var66_)) = var66_;"
1,2,2,0.0996,-0.2346,".(C var169_) = .(TAIL var169_);"
1,2,3,0.1147,-0.2196,".(C .(.(CONS var34_) var35_)) = var35_;"
1,2,4,0.1147,-0.2196,".(C .(.(var10952_ var34_) var35_)) = var35_;"
1,2,5,0.1187,-0.2155,".(C .(var1172_ var11424_)) = .(var1172_ NIL);"
1,2,6,0.1487,-0.1856,".(C .(var471_ .(var471_ NIL))) = .(var471_ NIL);"
1,2,7,0.1488,-0.1854,".(var10944_ .(.(CONS var34_) var35_)) = var35_;"
1,2,8,0.1505,-0.1838,".(var7284_ .(var471_ .(var471_ NIL))) = .(var471_ NIL);"
1,2,9,0.1568,-0.1775,".(C .(var1901_ .(var1901_ var1704_))) = .(var1901_ var1704_);"
1,3,0,0.0557,-0.2786,"C = TAIL;"
1,3,1,0.0967,-0.2375,".(C .(var65_ var66_)) = var66_;"
1,3,2,0.0996,-0.2346,".(C var169_) = .(TAIL var169_);"
1,3,3,0.1147,-0.2196,".(C .(.(CONS var34_) var35_)) = var35_;"
1,3,4,0.1147,-0.2196,".(C .(.(var10952_ var34_) var35_)) = var35_;"
1,3,5,0.1187,-0.2155,".(C .(var1172_ var11424_)) = .(var1172_ NIL);"
1,3,6,0.1487,-0.1856,".(C .(var471_ .(var471_ NIL))) = .(var471_ NIL);"
1,3,7,0.1488,-0.1854,".(var10944_ .(.(CONS var34_) var35_)) = var35_;"
1,3,8,0.1505,-0.1838,".(var7284_ .(var471_ .(var471_ NIL))) = .(var471_ NIL);"
1,3,9,0.1568,-0.1775,".(C .(var1901_ .(var1901_ var1704_))) = .(var1901_ var1704_);"
1,4,0,0.0557,-0.2786,"C = TAIL;"
1,4,1,0.0967,-0.2375,".(C .(var65_ var66_)) = var66_;"
1,4,2,0.0996,-0.2346,".(C var169_) = .(TAIL var169_);"
1,4,3,0.1147,-0.2196,".(C .(.(CONS var34_) var35_)) = var35_;"
1,4,4,0.1147,-0.2196,".(C .(.(var10952_ var34_) var35_)) = var35_;"
1,4,5,0.1187,-0.2155,".(C .(var1172_ var11424_)) = .(var1172_ NIL);"
1,4,6,0.1487,-0.1856,".(C .(var471_ .(var471_ NIL))) = .(var471_ NIL);"
1,4,7,0.1488,-0.1854,".(var10944_ .(.(CONS var34_) var35_)) = var35_;"
1,4,8,0.1505,-0.1838,".(var7284_ .(var471_ .(var471_ NIL))) = .(var471_ NIL);"
1,4,9,0.1568,-0.1775,".(C .(var1901_ .(var1901_ var1704_))) = .(var1901_ var1704_);"
1,5,0,0.0557,-0.2786,"C = TAIL;"
1,5,1,0.0967,-0.2375,".(C .(var65_ var66_)) = var66_;"
1,5,2,0.0996,-0.2346,".(C var169_) = .(TAIL var169_);"
1,5,3,0.1147,-0.2196,".(C .(.(CONS var34_) var35_)) = var35_;"
1,5,4,0.1147,-0.2196,".(C .(.(var10952_ var34_) var35_)) = var35_;"
1,5,5,0.1187,-0.2155,".(C .(var1172_ var11424_)) = .(var1172_ NIL);"
1,5,6,0.1487,-0.1856,".(C .(var471_ .(var471_ NIL))) = .(var471_ NIL);"
1,5,7,0.1488,-0.1854,".(var10944_ .(.(CONS var34_) var35_)) = var35_;"
1,5,8,0.1505,-0.1838,".(var7284_ .(var471_ .(var471_ NIL))) = .(var471_ NIL);"
1,5,9,0.1568,-0.1775,".(C .(var1901_ .(var1901_ var1704_))) = .(var1901_ var1704_);"
1,6,0,0.0557,-0.2786,"C = TAIL;"
1,6,1,0.0967,-0.2375,".(C .(var65_ var66_)) = var66_;"
1,6,2,0.0996,-0.2346,".(C var169_) = .(TAIL var169_);"
1,6,3,0.1147,-0.2196,".(C .(.(CONS var34_) var35_)) = var35_;"
1,6,4,0.1147,-0.2196,".(C .(.(var10952_ var34_) var35_)) = var35_;"
1,6,5,0.1187,-0.2155,".(C .(var1172_ var11424_)) = .(var1172_ NIL);"
1,6,6,0.1487,-0.1856,".(C .(var471_ .(var471_ NIL))) = .(var471_ NIL);"
1,6,7,0.1488,-0.1854,".(var10944_ .(.(CONS var34_) var35_)) = var35_;"
1,6,8,0.1505,-0.1838,".(var7284_ .(var471_ .(var471_ NIL))) = .(var471_ NIL);"
1,6,9,0.1568,-0.1775,".(C .(var1901_ .(var1901_ var1704_))) = .(var1901_ var1704_);"
1,7,0,0.0557,-0.2786,"C = TAIL;"
1,7,1,0.0967,-0.2375,".(C .(var65_ var66_)) = var66_;"
1,7,2,0.0996,-0.2346,".(C var169_) = .(TAIL var169_);"
1,7,3,0.1147,-0.2196,".(C .(.(CONS var34_) var35_)) = var35_;"
1,7,4,0.1147,-0.2196,".(C .(.(var10952_ var34_) var35_)) = var35_;"
1,7,5,0.1187,-0.2155,".(C .(var1172_ var11424_)) = .(var1172_ NIL);"
1,7,6,0.1487,-0.1856,".(C .(var471_ .(var471_ NIL))) = .(var471_ NIL);"
1,7,7,0.1488,-0.1854,".(var10944_ .(.(CONS var34_) var35_)) = var35_;"
1,7,8,0.1505,-0.1838,".(var7284_ .(var471_ .(var471_ NIL))) = .(var471_ NIL);"
1,7,9,0.1568,-0.1775,".(C .(var1901_ .(var1901_ var1704_))) = .(var1901_ var1704_);"
1,8,0,0.0557,-0.2786,"C = TAIL;"
1,8,1,0.0967,-0.2375,".(C .(var65_ var66_)) = var66_;"
1,8,2,0.0996,-0.2346,".(C var169_) = .(TAIL var169_);"
1,8,3,0.1147,-0.2196,".(C .(.(CONS var34_) var35_)) = var35_;"
1,8,4,0.1147,-0.2196,".(C .(.(var10952_ var34_) var35_)) = var35_;"
1,8,5,0.1187,-0.2155,".(C .(var1172_ var11424_)) = .(var1172_ NIL);"
1,8,6,0.1487,-0.1856,".(C .(var471_ .(var471_ NIL))) = .(var471_ NIL);"
1,8,7,0.1488,-0.1854,".(var10944_ .(.(CONS var34_) var35_)) = var35_;"
1,8,8,0.1505,-0.1838,".(var7284_ .(var471_ .(var471_ NIL))) = .(var471_ NIL);"
1,8,9,0.1568,-0.1775,".(C .(var1901_ .(var1901_ var1704_))) = .(var1901_ var1704_);"
1,9,0,0.0557,-0.2786,"C = TAIL;"
1,9,1,0.0967,-0.2375,".(C .(var65_ var66_)) = var66_;"
1,9,2,0.0996,-0.2346,".(C var169_) = .(TAIL var169_);"
1,9,3,0.1147,-0.2196,".(C .(.(CONS var34_) var35_)) = var35_;"
1,9,4,0.1147,-0.2196,".(C .(.(var10952_ var34_) var35_)) = var35_;"
1,9,5,0.1187,-0.2155,".(C .(var1172_ var11424_)) = .(var1172_ NIL);"
1,9,6,0.1487,-0.1856,".(C .(var471_ .(var471_ NIL))) = .(var471_ NIL);"
1,9,7,0.1488,-0.1854,".(var10944_ .(.(CONS var34_) var35_)) = var35_;"
1,9,8,0.1505,-0.1838,".(var7284_ .(var471_ .(var471_ NIL))) = .(var471_ NIL);"
1,9,9,0.1568,-0.1775,".(C .(var1901_ .(var1901_ var1704_))) = .(var1901_ var1704_);"
2,0,0,0.1192,-0.6771,"C = TAIL;"
2,0,1,0.1335,-0.6628,".(C .(var65_ var66_)) = var66_;"
2,0,2,0.1514,-0.6449,".(C .(.(var10952_ var34_) var35_)) = var35_;"
2,0,3,0.1555,-0.6408,".(C .(var1172_ var11424_)) = .(var1172_ NIL);"
2,0,4,0.1605,-0.6358,".(var7284_ .(var471_ .(var471_ NIL))) = .(var471_ NIL);"
2,0,5,0.1631,-0.6332,".(C var169_) = .(TAIL var169_);"
2,0,6,0.1686,-0.6277,".(var198257_ .(var1901_ .(var1901_ var1704_))) = .(var1901_ var1704_);"
2,0,7,0.1763,-0.6200,".(C .(var471_ .(var471_ NIL))) = .(var471_ NIL);"
2,0,8,0.1842,-0.6121,".(var10944_ .(.(CONS var34_) var35_)) = var35_;"
2,0,9,0.1844,-0.6119,".(C .(var1901_ .(var1901_ var1704_))) = .(var1901_ var1704_);"
2,1,0,0.1192,-0.6771,"C = TAIL;"
2,1,1,0.1335,-0.6628,".(C .(var65_ var66_)) = var66_;"
2,1,2,0.1514,-0.6449,".(C .(.(var10952_ var34_) var35_)) = var35_;"
2,1,3,0.1555,-0.6408,".(C .(var1172_ var11424_)) = .(var1172_ NIL);"
2,1,4,0.1605,-0.6358,".(var7284_ .(var471_ .(var471_ NIL))) = .(var471_ NIL);"
2,1,5,0.1631,-0.6332,".(C var169_) = .(TAIL var169_);"
2,1,6,0.1634,-0.6329,".(C NIL) = NIL;\n.(C var169_) = .(TAIL var169_);"
2,1,7,0.1686,-0.6277,".(var198257_ .(var1901_ .(var1901_ var1704_))) = .(var1901_ var1704_);"
2,1,8,0.1763,-0.6200,".(C .(var471_ .(var471_ NIL))) = .(var471_ NIL);"
2,1,9,0.1805,-0.6158,"8 = 0;\n.(C var169_) = .(TAIL var169_);"
2,2,0,0.1192,-0.6771,"C = TAIL;"
2,2,1,0.1335,-0.6628,".(C .(var65_ var66_)) = var66_;"
2,2,2,0.1514,-0.6449,".(C .(.(var10952_ var34_) var35_)) = var35_;"
2,2,3,0.1555,-0.6408,".(C .(var1172_ var11424_)) = .(var1172_ NIL);"
2,2,4,0.1576,-0.6387,".(C .(var471_ .(var471_ var210169_))) = .(var471_ var210169_);"
2,2,5,0.1605,-0.6358,".(var7284_ .(var471_ .(var471_ NIL))) = .(var471_ NIL);"
2,2,6,0.1631,-0.6332,".(C var169_) = .(TAIL var169_);"
2,2,7,0.1634,-0.6329,".(C NIL) = NIL;\n.(C var169_) = .(TAIL var169_);"
2,2,8,0.1686,-0.6277,".(var198257_ .(var1901_ .(var1901_ var1704_))) = .(var1901_ var1704_);"
2,2,9,0.1763,-0.6200,".(C .(var471_ .(var471_ NIL))) = .(var471_ NIL);"
2,3,0,0.1192,-0.6771,"C = TAIL;"
2,3,1,0.1335,-0.6628,".(C .(var65_ var66_)) = var66_;"
2,3,2,0.1514,-0.6449,".(C .(.(var10952_ var34_) var35_)) = var35_;"
2,3,3,0.1555,-0.6408,".(C .(var1172_ var11424_)) = .(var1172_ NIL);"
2,3,4,0.1576,-0.6387,".(C .(var471_ .(var471_ var210169_))) = .(var471_ var210169_);"
2,3,5,0.1605,-0.6358,".(var7284_ .(var471_ .(var471_ NIL))) = .(var471_ NIL);"
2,3,6,0.1631,-0.6332,".(C var169_) = .(TAIL var169_);"
2,3,7,0.1634,-0.6329,".(C NIL) = NIL;\n.(C var169_) = .(TAIL var169_);"
2,3,8,0.1686,-0.6277,".(var198257_ .(var1901_ .(var1901_ var1704_))) = .(var1901_ var1704_);"
2,3,9,0.1763,-0.6200,".(C .(var471_ .(var471_ NIL))) = .(var471_ NIL);"
2,4,0,0.1192,-0.6771,"C = TAIL;"
2,4,1,0.1335,-0.6628,".(C .(var65_ var66_)) = var66_;"
2,4,2,0.1514,-0.6449,".(C .(.(var10952_ var34_) var35_)) = var35_;"
2,4,3,0.1555,-0.6408,".(C .(var1172_ var11424_)) = .(var1172_ NIL);"
2,4,4,0.1576,-0.6387,".(C .(var471_ .(var471_ var210169_))) = .(var471_ var210169_);"
2,4,5,0.1605,-0.6358,".(var7284_ .(var471_ .(var471_ NIL))) = .(var471_ NIL);"
2,4,6,0.1631,-0.6332,".(C var169_) = .(TAIL var169_);"
2,4,7,0.1634,-0.6329,".(C NIL) = NIL;\n.(C var169_) = .(TAIL var169_);"
2,4,8,0.1686,-0.6277,".(var198257_ .(var1901_ .(var1901_ var1704_))) = .(var1901_ var1704_);"
2,4,9,0.1763,-0.6200,".(C .(var471_ .(var471_ NIL))) = .(var471_ NIL);"
2,5,0,0.1192,-0.6771,"C = TAIL;"
2,5,1,0.1335,-0.6628,".(C .(var65_ var66_)) = var66_;"
2,5,2,0.1514,-0.6449,".(C .(.(var10952_ var34_) var35_)) = var35_;"
2,5,3,0.1555,-0.6408,".(C .(var1172_ var11424_)) = .(var1172_ NIL);"
2,5,4,0.1576,-0.6387,".(C .(var471_ .(var471_ var210169_))) = .(var471_ var210169_);"
2,5,5,0.1605,-0.6358,".(var7284_ .(var471_ .(var471_ NIL))) = .(var471_ NIL);"
2,5,6,0.1631,-0.6332,".(C var169_) = .(TAIL var169_);"
2,5,7,0.1634,-0.6329,".(C NIL) = NIL;\n.(C var169_) = .(TAIL var169_);"
2,5,8,0.1686,-0.6277,".(var198257_ .(var1901_ .(var1901_ var1704_))) = .(var1901_ var1704_);"
2,5,9,0.1763,-0.6200,".(C .(var471_ .(var471_ NIL))) = .(var471_ NIL);"
2,6,0,0.1192,-0.6771,"C = TAIL;"
2,6,1,0.1335,-0.6628,".(C .(var65_ var66_)) = var66_;"
2,6,2,0.1514,-0.6449,".(C .(.(var10952_ var34_) var35_)) = var35_;"
2,6,3,0.1555,-0.6408,".(C .(var1172_ var11424_)) = .(var1172_ NIL);"
2,6,4,0.1576,-0.6387,".(C .(var471_ .(var471_ var210169_))) = .(var471_ var210169_);"
2,6,5,0.1605,-0.6358,".(var7284_ .(var471_ .(var471_ NIL))) = .(var471_ NIL);"
2,6,6,0.1631,-0.6332,".(C var169_) = .(TAIL var169_);"
2,6,7,0.1634,-0.6329,".(C NIL) = NIL;\n.(C var169_) = .(TAIL var169_);"
2,6,8,0.1686,-0.6277,".(var198257_ .(var1901_ .(var1901_ var1704_))) = .(var1901_ var1704_);"
2,6,9,0.1763,-0.6200,".(C .(var471_ .(var471_ NIL))) = .(var471_ NIL);"

thread 'main' has overflowed its stack
fatal runtime error: stack overflow
