
Loading parameters
------------------

Loading lexicon
---------------
Signature:
C/0: list → list
TRUE/0: bool
FALSE/0: bool
NIL/0: list
CONS/0: nat → list → list
0/0: digit
1/0: digit
2/0: digit
3/0: digit
4/0: digit
5/0: digit
6/0: digit
7/0: digit
8/0: digit
9/0: digit
DIGIT/0: digit → nat
DECC/0: nat → digit → nat
./2: ∀t1. ∀t2. (t1 → t2) → t1 → t2
EMPTY/0: list → bool
EQUAL/0: ∀t0. t0 → t0 → bool
HEAD/0: list → nat
IF/0: ∀t0. bool → t0 → t0 → t0
TAIL/0: list → list
x_: t6
y_: t7
x_: t20
x_: t30
y_: t31
x_: t41
y_: t42
x_: t54
y_: t55
x_: t68
y_: t69
x_: t88
y_: t89

Background: 9
EMPTY [] = TRUE
EMPTY (CONS x_ y_) = FALSE
EQUAL x_ x_ = TRUE
EQUAL x_ y_ = FALSE
HEAD (CONS x_ y_) = x_
IF TRUE x_ y_ = x_
IF FALSE x_ y_ = y_
TAIL [] = []
TAIL (CONS x_ y_) = y_

Templates: 4
C (CONS [!] [!]) = [!]
C [] = [!]
C [!] = [!]
[!] = [!]

Deterministic: true

Context { substitution: {}, next: 217 }

Loading data
------------
Datum { i: IntList([7, 2, 84, 1, 10, 2, 1]), o: IntList([2, 7, 84, 1, 10, 2, 1]) }
Datum { i: IntList([56, 1, 23, 88, 21, 56]), o: IntList([1, 56, 23, 88, 21, 56]) }
Datum { i: IntList([1, 66, 96, 8, 9, 6, 72, 11, 31]), o: IntList([66, 1, 96, 8, 9, 6, 72, 11, 31]) }
Datum { i: IntList([9, 6, 62, 17, 1, 2]), o: IntList([6, 9, 62, 17, 1, 2]) }
Datum { i: IntList([47, 97, 29, 47, 90, 6, 2, 3, 9]), o: IntList([97, 47, 29, 47, 90, 6, 2, 3, 9]) }
Datum { i: IntList([1, 55, 7]), o: IntList([55, 1, 7]) }
Datum { i: IntList([28, 0]), o: IntList([0, 28]) }
Datum { i: IntList([78, 38, 95, 16, 85]), o: IntList([38, 78, 95, 16, 85]) }
Datum { i: IntList([1, 91, 3, 1, 5, 7]), o: IntList([91, 1, 3, 1, 5, 7]) }
Datum { i: IntList([4, 36, 44, 56, 4, 69, 9]), o: IntList([36, 4, 44, 56, 4, 69, 9]) }
Datum { i: IntList([48, 41, 8, 30]), o: IntList([41, 48, 8, 30]) }
Datum { i: IntList([18, 10, 0, 88, 6, 62, 48, 7]), o: IntList([10, 18, 0, 88, 6, 62, 48, 7]) }
Datum { i: IntList([5, 1, 5, 8, 26, 2, 4, 77, 45]), o: IntList([1, 5, 5, 8, 26, 2, 4, 77, 45]) }
Datum { i: IntList([4, 33, 6, 20]), o: IntList([33, 4, 6, 20]) }
Datum { i: IntList([3, 28, 9, 91, 2]), o: IntList([28, 3, 9, 91, 2]) }
Datum { i: IntList([2, 8, 10, 24]), o: IntList([8, 2, 10, 24]) }
Datum { i: IntList([68, 1, 10, 34, 9]), o: IntList([1, 68, 10, 34, 9]) }
Datum { i: IntList([2, 51, 38, 5, 98, 0, 75, 67]), o: IntList([51, 2, 38, 5, 98, 0, 75, 67]) }
Datum { i: IntList([60, 74, 27, 0, 73, 61, 0, 2]), o: IntList([74, 60, 27, 0, 73, 61, 0, 2]) }
Datum { i: IntList([79, 5, 10, 4, 1]), o: IntList([5, 79, 10, 4, 1]) }
Datum { i: IntList([62, 3, 35, 5, 16]), o: IntList([3, 62, 35, 5, 16]) }
Datum { i: IntList([4, 87, 94, 78, 0, 5, 3, 7, 91, 0]), o: IntList([87, 4, 94, 78, 0, 5, 3, 7, 91, 0]) }
Datum { i: IntList([4, 6, 3, 89, 10, 0, 84, 22, 7]), o: IntList([6, 4, 3, 89, 10, 0, 84, 22, 7]) }
Datum { i: IntList([4, 0, 1, 17, 65, 3, 9, 8, 5, 2]), o: IntList([0, 4, 1, 17, 65, 3, 9, 8, 5, 2]) }
Datum { i: IntList([36, 2, 12, 2, 2, 2, 58, 64, 5, 78]), o: IntList([2, 36, 12, 2, 2, 2, 58, 64, 5, 78]) }
Datum { i: IntList([4, 3, 94, 69]), o: IntList([3, 4, 94, 69]) }
Datum { i: IntList([0, 3, 5, 75]), o: IntList([3, 0, 5, 75]) }
Datum { i: IntList([50, 8, 44, 0, 97, 67]), o: IntList([8, 50, 44, 0, 97, 67]) }
Datum { i: IntList([36, 19, 89]), o: IntList([19, 36, 89]) }
Datum { i: IntList([5, 16, 10, 17, 60, 6, 32, 35, 16]), o: IntList([16, 5, 10, 17, 60, 6, 32, 35, 16]) }
Datum { i: IntList([57, 10, 7]), o: IntList([10, 57, 7]) }
Datum { i: IntList([5, 55, 35, 17, 4, 8]), o: IntList([55, 5, 35, 17, 4, 8]) }
Datum { i: IntList([5, 1, 38, 34, 4, 50, 90, 6, 40]), o: IntList([1, 5, 38, 34, 4, 50, 90, 6, 40]) }
Datum { i: IntList([8, 5, 75, 7, 78, 8, 4, 56, 1]), o: IntList([5, 8, 75, 7, 78, 8, 4, 56, 1]) }
Datum { i: IntList([86, 79, 4, 50, 10, 5, 19, 60]), o: IntList([79, 86, 4, 50, 10, 5, 19, 60]) }
Datum { i: IntList([91, 19, 3, 32, 0, 9, 83, 10]), o: IntList([19, 91, 3, 32, 0, 9, 83, 10]) }
Datum { i: IntList([89, 42]), o: IntList([42, 89]) }
Datum { i: IntList([7, 45, 14, 0, 5, 6]), o: IntList([45, 7, 14, 0, 5, 6]) }
Datum { i: IntList([9, 1, 6, 75, 30, 0]), o: IntList([1, 9, 6, 75, 30, 0]) }
Datum { i: IntList([91, 20, 90, 21, 15, 85]), o: IntList([20, 91, 90, 21, 15, 85]) }
Datum { i: IntList([39, 30, 21, 2, 6, 4, 2, 5]), o: IntList([30, 39, 21, 2, 6, 4, 2, 5]) }
Datum { i: IntList([10, 22, 9, 9, 1, 92, 10, 19]), o: IntList([22, 10, 9, 9, 1, 92, 10, 19]) }
Datum { i: IntList([86, 82, 2, 91, 9, 14, 7, 10, 42]), o: IntList([82, 86, 2, 91, 9, 14, 7, 10, 42]) }
Datum { i: IntList([10, 6, 10, 5, 2, 2]), o: IntList([6, 10, 10, 5, 2, 2]) }
Datum { i: IntList([9, 7, 18, 1, 8, 46, 52]), o: IntList([7, 9, 18, 1, 8, 46, 52]) }
Datum { i: IntList([3, 86, 7, 66, 3, 23, 9]), o: IntList([86, 3, 7, 66, 3, 23, 9]) }
Datum { i: IntList([99, 9, 0, 89, 7, 7, 4]), o: IntList([9, 99, 0, 89, 7, 7, 4]) }
Datum { i: IntList([6, 7]), o: IntList([7, 6]) }
Datum { i: IntList([42, 89, 8, 66, 8, 57, 6, 8]), o: IntList([89, 42, 8, 66, 8, 57, 6, 8]) }
Datum { i: IntList([3, 82]), o: IntList([82, 3]) }

Loading H*
----------


Initial Population
------------------
0: 4.5643 "C = TAIL;"
1: 7.9780 ".(C var24_) = NIL;"
2: 7.9780 ".(C var34_) = var34_;"
3: 11.9670 ".(C var18_) = .(TAIL var18_);"
4: 15.0580 ".(C var144_) = .(TAIL NIL);"
5: 15.2628 ".(C .(.(CONS var29_) var30_)) = var30_;"
6: 15.2628 ".(C .(.(CONS var188_) var189_)) = NIL;"
7: 15.9559 ".(C var509_) = .(TAIL .(TAIL var509_));"
8: 19.6572 ".(C .(.(CONS .(DIGIT var356_)) var357_)) = var357_;"
9: 22.3428 ".(C .(.(CONS var65_) var66_)) = .(TAIL NIL);"

Initial Prediction
------------------

Evolving
--------
n_data,generation,rank,nlposterior,h_star_nlposterior,trs
1,0,0,12.5368,inf,"C = TAIL;"
1,0,1,19.9394,inf,".(C var18_) = .(TAIL var18_);"
1,0,2,23.2352,inf,".(C .(.(CONS var29_) var30_)) = var30_;"
1,0,3,27.6297,inf,".(C .(.(CONS .(DIGIT var356_)) var357_)) = var357_;"
1,0,4,29.3586,inf,".(C var34_) = var34_;"
1,0,5,29.9148,inf,".(C var509_) = .(TAIL .(TAIL var509_));"
1,0,6,38.1449,inf,".(C .(.(CONS var65_) var66_)) = .(TAIL var66_);"
1,0,7,38.2677,inf,".(C NIL) = NIL;\n.(C .(.(CONS var29_) var30_)) = var30_;"
1,0,8,48.6626,inf,".(C .(op26 var703_)) = var703_;\n.(C var509_) = .(TAIL .(TAIL var509_));"
1,0,9,50.3651,inf,".(var543_ var24_) = NIL;"
1,1,0,12.5368,inf,"C = TAIL;"
1,1,1,19.9394,inf,".(C var18_) = .(TAIL var18_);"
1,1,2,21.3797,inf,".(C .(var859_ var357_)) = var357_;"
1,1,3,23.2352,inf,".(C .(.(CONS var29_) var30_)) = var30_;"
1,1,4,24.6756,inf,".(C .(.(var948_ var29_) var30_)) = var30_;"
1,1,5,27.6297,inf,".(C .(.(CONS .(DIGIT var356_)) var357_)) = var357_;"
1,1,6,29.3586,inf,".(C var34_) = var34_;"
1,1,7,29.9148,inf,".(C var509_) = .(TAIL .(TAIL var509_));"
1,1,8,30.9159,inf,".(C .(.(var860_ .(DIGIT var356_)) var357_)) = var357_;"
1,1,9,36.9023,inf,".(C .(.(var794_ var65_) var66_)) = .(TAIL var66_);"
1,2,0,12.5368,inf,"C = TAIL;"
1,2,1,19.9394,inf,".(C var18_) = .(TAIL var18_);"
1,2,2,21.3797,inf,".(C .(var859_ var357_)) = var357_;"
1,2,3,23.2352,inf,".(C .(.(CONS var29_) var30_)) = var30_;"
1,2,4,24.6756,inf,".(C .(.(var948_ var29_) var30_)) = var30_;"
1,2,5,27.6297,inf,".(C .(.(CONS .(DIGIT var356_)) var357_)) = var357_;"
1,2,6,28.1180,inf,".(C .(.(var860_ .(var1100_ var356_)) var357_)) = var357_;"
1,2,7,29.3586,inf,".(C var34_) = var34_;"
1,2,8,29.9148,inf,".(C var509_) = .(TAIL .(TAIL var509_));"
1,2,9,30.9159,inf,".(C .(.(var860_ .(DIGIT var356_)) var357_)) = var357_;"
1,3,0,12.5368,inf,"C = TAIL;"
1,3,1,19.9394,inf,".(C var18_) = .(TAIL var18_);"
1,3,2,21.3797,inf,".(C .(var859_ var357_)) = var357_;"
1,3,3,23.2352,inf,".(C .(.(CONS var29_) var30_)) = var30_;"
1,3,4,24.6756,inf,".(C .(.(var948_ var29_) var30_)) = var30_;"
1,3,5,27.6297,inf,".(C .(.(CONS .(DIGIT var356_)) var357_)) = var357_;"
1,3,6,28.1180,inf,".(C .(.(var860_ .(var1100_ var356_)) var357_)) = var357_;"
1,3,7,29.3586,inf,".(C var34_) = var34_;"
1,3,8,29.9148,inf,".(C var509_) = .(TAIL .(TAIL var509_));"
1,3,9,30.9159,inf,".(C .(.(var860_ .(DIGIT var356_)) var357_)) = var357_;"
1,4,0,12.5368,inf,"C = TAIL;"
1,4,1,19.9394,inf,".(C var18_) = .(TAIL var18_);"
1,4,2,21.3797,inf,".(C .(var859_ var357_)) = var357_;"
1,4,3,23.2352,inf,".(C .(.(CONS var29_) var30_)) = var30_;"
1,4,4,24.6756,inf,".(C .(.(var948_ var29_) var30_)) = var30_;"
1,4,5,27.6297,inf,".(C .(.(CONS .(DIGIT var356_)) var357_)) = var357_;"
1,4,6,28.1180,inf,".(C .(.(var860_ .(var1100_ var356_)) var357_)) = var357_;"
1,4,7,29.3586,inf,".(C var34_) = var34_;"
1,4,8,29.9148,inf,".(C var509_) = .(TAIL .(TAIL var509_));"
1,4,9,30.9159,inf,".(C .(.(var860_ .(DIGIT var356_)) var357_)) = var357_;"
1,5,0,12.5368,inf,"C = TAIL;"
1,5,1,19.9394,inf,".(C var18_) = .(TAIL var18_);"
1,5,2,21.3797,inf,".(C .(var859_ var357_)) = var357_;"
1,5,3,23.2352,inf,".(C .(.(CONS var29_) var30_)) = var30_;"
1,5,4,24.6756,inf,".(C .(.(var948_ var29_) var30_)) = var30_;"
1,5,5,27.6297,inf,".(C .(.(CONS .(DIGIT var356_)) var357_)) = var357_;"
1,5,6,28.1180,inf,".(C .(.(var860_ .(var1100_ var356_)) var357_)) = var357_;"
1,5,7,29.3586,inf,".(C var34_) = var34_;"
1,5,8,29.9148,inf,".(C var509_) = .(TAIL .(TAIL var509_));"
1,5,9,32.7131,inf,".(C .(.(CONS .(var2399_ var356_)) var357_)) = var357_;"
1,6,0,12.5368,inf,"C = TAIL;"
1,6,1,19.9394,inf,".(C var18_) = .(TAIL var18_);"
1,6,2,21.3797,inf,".(C .(var859_ var357_)) = var357_;"
1,6,3,23.2352,inf,".(C .(.(CONS var29_) var30_)) = var30_;"
1,6,4,24.6756,inf,".(C .(.(var948_ var29_) var30_)) = var30_;"
1,6,5,27.6297,inf,".(C .(.(CONS .(DIGIT var356_)) var357_)) = var357_;"
1,6,6,28.1180,inf,".(C .(.(var860_ .(var1100_ var356_)) var357_)) = var357_;"
1,6,7,29.3586,inf,".(C var34_) = var34_;"
1,6,8,29.9148,inf,".(C var509_) = .(TAIL .(TAIL var509_));"
1,6,9,32.7131,inf,".(C .(.(CONS .(var2399_ var356_)) var357_)) = var357_;"
1,7,0,12.5368,inf,"C = TAIL;"
1,7,1,19.9394,inf,".(C var18_) = .(TAIL var18_);"
1,7,2,21.3797,inf,".(C .(var859_ var357_)) = var357_;"
1,7,3,23.2352,inf,".(C .(.(CONS var29_) var30_)) = var30_;"
1,7,4,24.6756,inf,".(C .(.(var948_ var29_) var30_)) = var30_;"
1,7,5,27.6297,inf,".(C .(.(CONS .(DIGIT var356_)) var357_)) = var357_;"
1,7,6,28.1180,inf,".(C .(.(var860_ .(var1100_ var356_)) var357_)) = var357_;"
1,7,7,29.3586,inf,".(C var34_) = var34_;"
1,7,8,29.9148,inf,".(C var509_) = .(TAIL .(TAIL var509_));"
1,7,9,32.7131,inf,".(C .(.(CONS .(var2399_ var356_)) var357_)) = var357_;"
1,8,0,12.5368,inf,"C = TAIL;"
1,8,1,19.9394,inf,".(C var18_) = .(TAIL var18_);"
1,8,2,21.3797,inf,".(C .(var859_ var357_)) = var357_;"
1,8,3,23.2352,inf,".(C .(.(CONS var29_) var30_)) = var30_;"
1,8,4,24.6756,inf,".(C .(.(var948_ var29_) var30_)) = var30_;"
1,8,5,27.6297,inf,".(C .(.(CONS .(DIGIT var356_)) var357_)) = var357_;"
1,8,6,28.1180,inf,".(C .(.(var860_ .(var1100_ var356_)) var357_)) = var357_;"
1,8,7,29.3586,inf,".(C var34_) = var34_;"
1,8,8,29.9148,inf,".(C var509_) = .(TAIL .(TAIL var509_));"
1,8,9,32.7131,inf,".(C .(.(CONS .(var2399_ var356_)) var357_)) = var357_;"
1,9,0,12.5368,inf,"C = TAIL;"
1,9,1,19.9394,inf,".(C var18_) = .(TAIL var18_);"
1,9,2,21.3797,inf,".(C .(var859_ var357_)) = var357_;"
1,9,3,23.2352,inf,".(C .(.(CONS var29_) var30_)) = var30_;"
1,9,4,24.6756,inf,".(C .(.(var948_ var29_) var30_)) = var30_;"
1,9,5,27.6297,inf,".(C .(.(CONS .(DIGIT var356_)) var357_)) = var357_;"
1,9,6,28.1180,inf,".(C .(.(var860_ .(var1100_ var356_)) var357_)) = var357_;"
1,9,7,29.3586,inf,".(C var34_) = var34_;"
1,9,8,29.9148,inf,".(C var509_) = .(TAIL .(TAIL var509_));"
1,9,9,32.7131,inf,".(C .(.(CONS .(var2399_ var356_)) var357_)) = var357_;"
2,0,0,24.5089,inf,"C = TAIL;"
2,0,1,30.8736,inf,".(C .(var859_ var357_)) = var357_;"
2,0,2,34.1694,inf,".(C .(.(var948_ var29_) var30_)) = var30_;"
2,0,3,34.8054,inf,".(C var18_) = .(TAIL var18_);"
2,0,4,37.0598,inf,".(C .(.(var860_ .(var1100_ var356_)) var357_)) = var357_;"
2,0,5,38.1012,inf,".(C .(.(CONS var29_) var30_)) = var30_;"
2,0,6,41.3971,inf,".(C .(.(CONS .(var2399_ var356_)) var357_)) = var357_;"
2,0,7,50.8356,inf,"op100 = op74;\n.(C .(.(var860_ .(var1100_ var356_)) var357_)) = var357_;"
2,0,8,54.1519,inf,".(C var34_) = var34_;"
2,0,9,54.2936,inf,".(C var509_) = .(TAIL .(TAIL var509_));"
2,1,0,24.5089,inf,"C = TAIL;"
2,1,1,30.8736,inf,".(C .(var859_ var357_)) = var357_;"
2,1,2,34.1694,inf,".(C .(.(var948_ var29_) var30_)) = var30_;"
2,1,3,34.8054,inf,".(C var18_) = .(TAIL var18_);"
2,1,4,37.0598,inf,".(C .(.(var860_ .(var1100_ var356_)) var357_)) = var357_;"
2,1,5,38.1012,inf,".(C .(.(CONS var29_) var30_)) = var30_;"
2,1,6,41.3971,inf,".(C .(.(CONS .(var2399_ var356_)) var357_)) = var357_;"
2,1,7,44.6494,inf,".(C .(var4504_ var357_)) = var357_;\nop100 = op74;"
2,1,8,47.9452,inf,".(C .(.(var860_ var4506_) var357_)) = var357_;\nop100 = op74;"
2,1,9,50.8356,inf,".(C .(.(var4505_ .(var1100_ var356_)) var357_)) = var357_;\nop100 = op74;"
2,2,0,24.5089,inf,"C = TAIL;"
2,2,1,30.8736,inf,".(C .(var859_ var357_)) = var357_;"
2,2,2,34.1694,inf,".(C .(.(var948_ var29_) var30_)) = var30_;"
2,2,3,34.8054,inf,".(C var18_) = .(TAIL var18_);"
2,2,4,37.0598,inf,".(C .(.(var860_ .(var1100_ var356_)) var357_)) = var357_;"
2,2,5,38.1012,inf,".(C .(.(CONS var29_) var30_)) = var30_;"
2,2,6,41.3971,inf,".(C .(.(CONS .(var2399_ var356_)) var357_)) = var357_;"
2,2,7,44.6494,inf,"op100 = op180;\n.(C .(var4504_ var357_)) = var357_;"
2,2,8,44.6494,inf,"op220 = op74;\n.(C .(var4504_ var357_)) = var357_;"
2,2,9,44.6494,inf,"op231 = op74;\n.(C .(var4504_ var357_)) = var357_;"
