
Loading parameters
------------------

Loading lexicon
---------------
Signature:
C/0: list → list
TRUE/0: bool
FALSE/0: bool
NIL/0: list
CONS/0: nat → list → list
0/0: digit
1/0: digit
2/0: digit
3/0: digit
4/0: digit
5/0: digit
6/0: digit
7/0: digit
8/0: digit
9/0: digit
DIGIT/0: digit → nat
DECC/0: nat → digit → nat
./2: ∀t1. ∀t2. (t1 → t2) → t1 → t2
EMPTY/0: list → bool
EQUAL/0: ∀t0. t0 → t0 → bool
HEAD/0: list → nat
IF/0: ∀t0. bool → t0 → t0 → t0
TAIL/0: list → list
x_: t6
y_: t7
x_: t20
x_: t30
y_: t31
x_: t41
y_: t42
x_: t54
y_: t55
x_: t68
y_: t69
x_: t88
y_: t89

Background: 9
EMPTY [] = TRUE
EMPTY (CONS x_ y_) = FALSE
EQUAL x_ x_ = TRUE
EQUAL x_ y_ = FALSE
HEAD (CONS x_ y_) = x_
IF TRUE x_ y_ = x_
IF FALSE x_ y_ = y_
TAIL [] = []
TAIL (CONS x_ y_) = y_

Templates: 4
C (CONS [!] [!]) = [!]
C [] = [!]
C [!] = [!]
[!] = [!]

Deterministic: true

Context { substitution: {}, next: 217 }

Loading data
------------
Datum { i: IntList([5, 9, 10, 2, 7, 4]), o: IntList([5, 9, 10, 2, 7, 4]) }
Datum { i: IntList([4, 67, 10]), o: IntList([4, 67, 10]) }
Datum { i: IntList([3, 13, 50, 55, 53, 26, 45, 0, 76]), o: IntList([3, 13, 50, 55, 53, 26, 45, 0, 76]) }
Datum { i: IntList([25, 86, 23, 13]), o: IntList([25, 86, 23, 13]) }
Datum { i: IntList([0, 6, 4, 41, 2, 45, 65, 4, 3]), o: IntList([0, 6, 4, 41, 2, 45, 65, 4, 3]) }
Datum { i: IntList([5, 30]), o: IntList([5, 30]) }
Datum { i: IntList([35, 2]), o: IntList([35, 2]) }
Datum { i: IntList([3]), o: IntList([3]) }
Datum { i: IntList([1, 4, 73, 7, 6, 6, 4, 5]), o: IntList([1, 4, 73, 7, 6, 6, 4, 5]) }
Datum { i: IntList([89, 55]), o: IntList([89, 55]) }
Datum { i: IntList([38]), o: IntList([38]) }
Datum { i: IntList([9, 3, 58, 49, 6, 1, 42, 34, 8]), o: IntList([9, 3, 58, 49, 6, 1, 42, 34, 8]) }
Datum { i: IntList([67, 30, 20]), o: IntList([67, 30, 20]) }
Datum { i: IntList([3, 24, 2, 67, 69, 5, 2, 94, 8]), o: IntList([3, 24, 2, 67, 69, 5, 2, 94, 8]) }
Datum { i: IntList([8, 2, 12, 80, 58, 62, 3, 11, 0]), o: IntList([8, 2, 12, 80, 58, 62, 3, 11, 0]) }
Datum { i: IntList([6, 0, 2, 5, 31, 91, 63, 6, 55, 49]), o: IntList([6, 0, 2, 5, 31, 91, 63, 6, 55, 49]) }
Datum { i: IntList([69]), o: IntList([69]) }
Datum { i: IntList([9, 0, 21]), o: IntList([9, 0, 21]) }
Datum { i: IntList([4, 2]), o: IntList([4, 2]) }
Datum { i: IntList([9, 83, 14, 43, 10, 39]), o: IntList([9, 83, 14, 43, 10, 39]) }
Datum { i: IntList([60, 1, 24, 66, 0, 7, 9, 4, 74, 0]), o: IntList([60, 1, 24, 66, 0, 7, 9, 4, 74, 0]) }
Datum { i: IntList([14, 10, 48, 3, 2, 9, 10, 3]), o: IntList([14, 10, 48, 3, 2, 9, 10, 3]) }
Datum { i: IntList([77, 7, 6, 0, 63]), o: IntList([77, 7, 6, 0, 63]) }
Datum { i: IntList([13, 66, 48]), o: IntList([13, 66, 48]) }
Datum { i: IntList([3, 0, 0, 10]), o: IntList([3, 0, 0, 10]) }
Datum { i: IntList([2, 93, 11, 45, 3, 1, 53]), o: IntList([2, 93, 11, 45, 3, 1, 53]) }
Datum { i: IntList([8, 51, 91, 7, 81, 74, 53]), o: IntList([8, 51, 91, 7, 81, 74, 53]) }
Datum { i: IntList([84, 37, 9, 30]), o: IntList([84, 37, 9, 30]) }
Datum { i: IntList([81, 0, 6, 39, 4, 2, 2, 28]), o: IntList([81, 0, 6, 39, 4, 2, 2, 28]) }
Datum { i: IntList([86, 6, 8, 78, 51, 37, 45, 18, 4]), o: IntList([86, 6, 8, 78, 51, 37, 45, 18, 4]) }
Datum { i: IntList([2, 10, 7, 74, 7, 97, 8, 0, 5, 12]), o: IntList([2, 10, 7, 74, 7, 97, 8, 0, 5, 12]) }
Datum { i: IntList([3, 1, 9, 7, 5, 6]), o: IntList([3, 1, 9, 7, 5, 6]) }
Datum { i: IntList([]), o: IntList([]) }
Datum { i: IntList([4, 46, 15, 86, 41, 7, 9]), o: IntList([4, 46, 15, 86, 41, 7, 9]) }
Datum { i: IntList([46, 1, 6, 3]), o: IntList([46, 1, 6, 3]) }
Datum { i: IntList([21, 15, 94]), o: IntList([21, 15, 94]) }
Datum { i: IntList([5, 6, 58, 1, 6, 36]), o: IntList([5, 6, 58, 1, 6, 36]) }
Datum { i: IntList([5, 45, 10, 1, 68, 7, 76, 77]), o: IntList([5, 45, 10, 1, 68, 7, 76, 77]) }
Datum { i: IntList([5, 10, 58, 9]), o: IntList([5, 10, 58, 9]) }
Datum { i: IntList([57, 46, 69, 75, 5, 5, 3, 7, 31]), o: IntList([57, 46, 69, 75, 5, 5, 3, 7, 31]) }
Datum { i: IntList([55, 10, 8, 3, 41, 91, 83, 6]), o: IntList([55, 10, 8, 3, 41, 91, 83, 6]) }
Datum { i: IntList([5, 16, 59, 67, 6, 6]), o: IntList([5, 16, 59, 67, 6, 6]) }
Datum { i: IntList([2, 86]), o: IntList([2, 86]) }
Datum { i: IntList([39, 78]), o: IntList([39, 78]) }
Datum { i: IntList([16, 72, 8, 39, 10, 6]), o: IntList([16, 72, 8, 39, 10, 6]) }
Datum { i: IntList([1, 46, 5, 45, 8, 0, 8]), o: IntList([1, 46, 5, 45, 8, 0, 8]) }
Datum { i: IntList([97]), o: IntList([97]) }
Datum { i: IntList([51]), o: IntList([51]) }
Datum { i: IntList([7, 7, 90, 73, 87, 2]), o: IntList([7, 7, 90, 73, 87, 2]) }
Datum { i: IntList([14, 59, 3, 71, 96]), o: IntList([14, 59, 3, 71, 96]) }

Loading H*
----------
.(C xs_) = xs_;

Initial Population
------------------
0: 7.9780 ".(C var14_) = var14_;"
1: 7.9780 ".(C var21_) = NIL;"
2: 14.1293 "C = .(CONS .(DIGIT 0));"
3: 15.2628 ".(C .(.(CONS var48_) var49_)) = NIL;"
4: 15.2628 ".(C .(.(CONS var62_) var63_)) = var63_;"
5: 15.9559 ".(C var244_) = .(TAIL .(TAIL var244_));"
6: 17.7477 ".(C var208_) = .(.(CONS .(HEAD var208_)) var208_);"
7: 19.6572 ".(C .(.(CONS .(DIGIT var126_)) var127_)) = var127_;"
8: 19.9449 ".(C .(.(CONS var250_) var251_)) = .(TAIL var251_);"
9: 22.3428 ".(C .(.(CONS var206_) var207_)) = .(TAIL NIL);"

Initial Prediction
------------------

Evolving
--------
n_data,generation,rank,nlposterior,h_star_nlposterior,trs
1,0,0,9.8048,9.8048,".(C var14_) = var14_;"
1,0,1,22.5528,9.8048,".(C var244_) = .(TAIL var244_);"
1,0,2,23.0761,9.8048,".(C .(.(CONS var62_) var63_)) = var63_;"
1,0,3,27.4705,9.8048,".(C .(.(CONS .(DIGIT var126_)) var127_)) = var127_;"
1,0,4,29.7556,9.8048,".(C var244_) = .(TAIL .(TAIL var244_));"
1,0,5,30.1081,9.8048,"C = .(CONS .(DIGIT 0));"
1,0,6,32.1228,9.8048,".(C .(var478_ var251_)) = .(TAIL var251_);"
1,0,7,33.0334,9.8048,".(C var208_) = .(.(CONS .(HEAD var208_)) var208_);"
1,0,8,33.7446,9.8048,".(C .(.(CONS var250_) var251_)) = .(TAIL var251_);"
1,0,9,35.8241,9.8048,".(C .(.(var479_ var250_) var251_)) = .(TAIL var251_);"
1,1,0,9.8048,9.8048,".(C var14_) = var14_;"
1,1,1,21.3047,9.8048,".(C .(var689_ var63_)) = var63_;"
1,1,2,22.5528,9.8048,".(C var244_) = .(TAIL var244_);"
1,1,3,23.0761,9.8048,".(C .(.(CONS var62_) var63_)) = var63_;"
1,1,4,24.6005,9.8048,".(C .(.(var690_ var62_) var63_)) = var63_;"
1,1,5,27.4705,9.8048,".(C .(.(CONS .(DIGIT var126_)) var127_)) = var127_;"
1,1,6,29.7556,9.8048,".(C var244_) = .(TAIL .(TAIL var244_));"
1,1,7,30.1081,9.8048,"C = .(CONS .(DIGIT 0));"
1,1,8,32.1228,9.8048,".(C .(var478_ var251_)) = .(TAIL var251_);"
1,1,9,33.0334,9.8048,".(C var208_) = .(.(CONS .(HEAD var208_)) var208_);"
1,2,0,9.8048,9.8048,".(C var14_) = var14_;"
1,2,1,21.3047,9.8048,".(C .(var689_ var63_)) = var63_;"
1,2,2,22.5528,9.8048,".(C var244_) = .(TAIL var244_);"
1,2,3,23.0761,9.8048,".(C .(.(CONS var62_) var63_)) = var63_;"
1,2,4,24.6005,9.8048,".(C .(.(var690_ var62_) var63_)) = var63_;"
1,2,5,27.4705,9.8048,".(C .(.(CONS .(DIGIT var126_)) var127_)) = var127_;"
1,2,6,29.7556,9.8048,".(C var244_) = .(TAIL .(TAIL var244_));"
1,2,7,30.5584,9.8048,".(C .(.(CONS .(var1002_ var126_)) var127_)) = var127_;"
1,2,8,31.2515,9.8048,".(C .(.(var1000_ .(DIGIT var126_)) var127_)) = var127_;"
1,2,9,32.1228,9.8048,".(C .(var478_ var251_)) = .(TAIL var251_);"
1,3,0,9.8048,9.8048,".(C var14_) = var14_;"
1,3,1,21.3047,9.8048,".(C .(var689_ var63_)) = var63_;"
1,3,2,22.5528,9.8048,".(C var244_) = .(TAIL var244_);"
1,3,3,23.0761,9.8048,".(C .(.(CONS var62_) var63_)) = var63_;"
1,3,4,24.6005,9.8048,".(C .(.(var690_ var62_) var63_)) = var63_;"
1,3,5,27.4705,9.8048,".(C .(.(CONS .(DIGIT var126_)) var127_)) = var127_;"
1,3,6,27.8855,9.8048,".(C .(.(var1000_ .(var1165_ var126_)) var127_)) = var127_;"
1,3,7,29.7556,9.8048,".(C var244_) = .(TAIL .(TAIL var244_));"
1,3,8,30.5584,9.8048,".(C .(.(CONS .(var1002_ var126_)) var127_)) = var127_;"
1,3,9,31.2515,9.8048,".(C .(.(var1000_ .(DIGIT var126_)) var127_)) = var127_;"
1,4,0,9.8048,9.8048,".(C var14_) = var14_;"
1,4,1,21.3047,9.8048,".(C .(var689_ var63_)) = var63_;"
1,4,2,22.5528,9.8048,".(C var244_) = .(TAIL var244_);"
1,4,3,23.0761,9.8048,".(C .(.(CONS var62_) var63_)) = var63_;"
1,4,4,24.6005,9.8048,".(C .(.(var690_ var62_) var63_)) = var63_;"
1,4,5,27.4705,9.8048,".(C .(.(CONS .(DIGIT var126_)) var127_)) = var127_;"
1,4,6,27.8855,9.8048,".(C .(.(var1000_ .(var1165_ var126_)) var127_)) = var127_;"
1,4,7,29.7556,9.8048,".(C var244_) = .(TAIL .(TAIL var244_));"
1,4,8,30.5584,9.8048,".(C .(.(CONS .(var1002_ var126_)) var127_)) = var127_;"
1,4,9,31.2515,9.8048,".(C .(.(var1000_ .(DIGIT var126_)) var127_)) = var127_;"
1,5,0,9.8048,9.8048,".(C var14_) = var14_;"
1,5,1,21.3047,9.8048,".(C .(var689_ var63_)) = var63_;"
1,5,2,22.5528,9.8048,".(C var244_) = .(TAIL var244_);"
1,5,3,23.0761,9.8048,".(C .(.(CONS var62_) var63_)) = var63_;"
1,5,4,24.6005,9.8048,".(C .(.(var690_ var62_) var63_)) = var63_;"
1,5,5,27.4705,9.8048,".(C .(.(CONS .(DIGIT var126_)) var127_)) = var127_;"
1,5,6,27.8855,9.8048,".(C .(.(var1000_ .(var1165_ var126_)) var127_)) = var127_;"
1,5,7,29.7556,9.8048,".(C var244_) = .(TAIL .(TAIL var244_));"
1,5,8,30.5584,9.8048,".(C .(.(CONS .(var1002_ var126_)) var127_)) = var127_;"
1,5,9,31.2515,9.8048,".(C .(.(var1000_ .(DIGIT var126_)) var127_)) = var127_;"
1,6,0,9.8048,9.8048,".(C var14_) = var14_;"
1,6,1,21.3047,9.8048,".(C .(var689_ var63_)) = var63_;"
1,6,2,22.5528,9.8048,".(C var244_) = .(TAIL var244_);"
1,6,3,23.0761,9.8048,".(C .(.(CONS var62_) var63_)) = var63_;"
1,6,4,24.6005,9.8048,".(C .(.(var690_ var62_) var63_)) = var63_;"
1,6,5,27.4705,9.8048,".(C .(.(CONS .(DIGIT var126_)) var127_)) = var127_;"
1,6,6,27.8855,9.8048,".(C .(.(var1000_ .(var1165_ var126_)) var127_)) = var127_;"
1,6,7,29.7556,9.8048,".(C var244_) = .(TAIL .(TAIL var244_));"
1,6,8,30.5584,9.8048,".(C .(.(CONS .(var1002_ var126_)) var127_)) = var127_;"
1,6,9,31.2515,9.8048,".(C .(.(var1000_ .(DIGIT var126_)) var127_)) = var127_;"
1,7,0,9.8048,9.8048,".(C var14_) = var14_;"
1,7,1,21.3047,9.8048,".(C .(var689_ var63_)) = var63_;"
1,7,2,22.5528,9.8048,".(C var244_) = .(TAIL var244_);"
1,7,3,23.0761,9.8048,".(C .(.(CONS var62_) var63_)) = var63_;"
1,7,4,24.6005,9.8048,".(C .(.(var690_ var62_) var63_)) = var63_;"
1,7,5,27.4705,9.8048,".(C .(.(CONS .(DIGIT var126_)) var127_)) = var127_;"
1,7,6,27.8855,9.8048,".(C .(.(var1000_ .(var1165_ var126_)) var127_)) = var127_;"
1,7,7,29.7556,9.8048,".(C var244_) = .(TAIL .(TAIL var244_));"
1,7,8,30.5584,9.8048,".(C .(.(CONS .(var1002_ var126_)) var127_)) = var127_;"
1,7,9,31.2515,9.8048,".(C .(.(var1000_ .(DIGIT var126_)) var127_)) = var127_;"
1,8,0,9.8048,9.8048,".(C var14_) = var14_;"
1,8,1,21.3047,9.8048,".(C .(var689_ var63_)) = var63_;"
1,8,2,22.5528,9.8048,".(C var244_) = .(TAIL var244_);"
1,8,3,23.0761,9.8048,".(C .(.(CONS var62_) var63_)) = var63_;"
1,8,4,24.6005,9.8048,".(C .(.(var690_ var62_) var63_)) = var63_;"
1,8,5,27.4705,9.8048,".(C .(.(CONS .(DIGIT var126_)) var127_)) = var127_;"
1,8,6,27.8855,9.8048,".(C .(.(var1000_ .(var1165_ var126_)) var127_)) = var127_;"
1,8,7,29.7556,9.8048,".(C var244_) = .(TAIL .(TAIL var244_));"
1,8,8,30.5584,9.8048,".(C .(.(CONS .(var1002_ var126_)) var127_)) = var127_;"
1,8,9,31.2515,9.8048,".(C .(.(var1000_ .(DIGIT var126_)) var127_)) = var127_;"
1,9,0,9.8048,9.8048,".(C var14_) = var14_;"
1,9,1,21.3047,9.8048,".(C .(var689_ var63_)) = var63_;"
1,9,2,22.5528,9.8048,".(C var244_) = .(TAIL var244_);"
1,9,3,23.0761,9.8048,".(C .(.(CONS var62_) var63_)) = var63_;"
1,9,4,24.6005,9.8048,".(C .(.(var690_ var62_) var63_)) = var63_;"
1,9,5,27.4705,9.8048,".(C .(.(CONS .(DIGIT var126_)) var127_)) = var127_;"
1,9,6,27.8855,9.8048,".(C .(.(var1000_ .(var1165_ var126_)) var127_)) = var127_;"
1,9,7,29.7556,9.8048,".(C var244_) = .(TAIL .(TAIL var244_));"
1,9,8,30.5584,9.8048,".(C .(.(CONS .(var1002_ var126_)) var127_)) = var127_;"
1,9,9,31.2515,9.8048,".(C .(.(var1000_ .(DIGIT var126_)) var127_)) = var127_;"
2,0,0,14.1062,14.1062,".(C var14_) = var14_;"
2,0,1,29.6625,14.1062,".(C .(var689_ var63_)) = var63_;"
2,0,2,32.9584,14.1062,".(C .(.(var690_ var62_) var63_)) = var63_;"
2,0,3,33.2507,14.1062,".(C var244_) = .(TAIL var244_);"
2,0,4,35.0411,14.1062,".(C var4440_) = var4440_;\n.(C .(.(CONS var62_) var63_)) = var63_;"
2,0,5,35.7375,14.1062,".(C var244_) = .(.(.(IF FALSE) NIL) var244_);"
2,0,6,35.8487,14.1062,".(C .(.(var1000_ .(var1165_ var126_)) var127_)) = var127_;"
2,0,7,36.5465,14.1062,".(C .(.(CONS var62_) var63_)) = var63_;"
2,0,8,39.8424,14.1062,".(C .(.(CONS .(var1002_ var126_)) var127_)) = var127_;"
2,0,9,40.5355,14.1062,".(C .(.(var1000_ .(DIGIT var126_)) var127_)) = var127_;"
2,1,0,14.1062,14.1062,".(C var14_) = var14_;"
2,1,1,29.6625,14.1062,".(C .(var689_ var63_)) = var63_;"
2,1,2,32.9584,14.1062,".(C .(.(var690_ var62_) var63_)) = var63_;"
2,1,3,33.2507,14.1062,".(C var244_) = .(TAIL var244_);"
2,1,4,34.3434,14.1062,".(C var4440_) = var4440_;\n.(C .(.(var1000_ .(var1165_ var126_)) var127_)) = var127_;"
2,1,5,35.0411,14.1062,".(C var4440_) = var4440_;\n.(C .(.(CONS var62_) var63_)) = var63_;"
2,1,6,35.7375,14.1062,".(C var244_) = .(.(.(IF FALSE) NIL) var244_);"
2,1,7,35.8487,14.1062,".(C .(.(var1000_ .(var1165_ var126_)) var127_)) = var127_;"
2,1,8,36.5465,14.1062,".(C .(.(CONS var62_) var63_)) = var63_;"
2,1,9,39.8424,14.1062,".(C .(.(CONS .(var1002_ var126_)) var127_)) = var127_;"
2,2,0,14.1062,14.1062,".(C var14_) = var14_;"
2,2,1,29.6063,14.1062,".(C NIL) = NIL;\n.(C var4440_) = var4440_;"
2,2,2,29.6625,14.1062,".(C .(var689_ var63_)) = var63_;"
2,2,3,30.2994,14.1062,".(C var244_) = .(.(.(IF FALSE) var244_) var244_);"
2,2,4,32.9584,14.1062,".(C .(.(var690_ var62_) var63_)) = var63_;"
2,2,5,33.2507,14.1062,".(C var244_) = .(TAIL var244_);"
2,2,6,34.3434,14.1062,".(C var4440_) = var4440_;\n.(C .(.(var1000_ .(var1165_ var126_)) var127_)) = var127_;"
2,2,7,35.0411,14.1062,".(C var4440_) = var4440_;\n.(C .(.(CONS var62_) var63_)) = var63_;"
2,2,8,35.7375,14.1062,".(C var244_) = .(.(.(IF FALSE) NIL) var244_);"
2,2,9,36.5465,14.1062,".(C .(.(CONS var62_) var63_)) = var63_;"
2,3,0,14.1062,14.1062,".(C var14_) = var14_;"
2,3,1,29.6063,14.1062,".(C NIL) = NIL;\n.(C var4440_) = var4440_;"
2,3,2,29.6625,14.1062,".(C .(var689_ var63_)) = var63_;"
2,3,3,30.2994,14.1062,".(C var244_) = .(.(.(IF FALSE) var244_) var244_);"
2,3,4,32.1508,14.1062,".(C .(op40 var63_)) = var63_;\n.(C var4440_) = var4440_;"
2,3,5,32.9584,14.1062,".(C .(.(var690_ var62_) var63_)) = var63_;"
2,3,6,33.2507,14.1062,".(C var244_) = .(TAIL var244_);"
2,3,7,34.3434,14.1062,".(C var4440_) = var4440_;\n.(C .(.(var1000_ .(var1165_ var126_)) var127_)) = var127_;"
2,3,8,35.0411,14.1062,".(op49 .(.(CONS var62_) var63_)) = var63_;\n.(C var4440_) = var4440_;"
2,3,9,36.5465,14.1062,".(C .(.(CONS var62_) var63_)) = var63_;"
2,4,0,14.1062,14.1062,".(C var14_) = var14_;"
2,4,1,28.1572,14.1062,".(op49 .(var6096_ var63_)) = var63_;\n.(C var4440_) = var4440_;"
2,4,2,29.6063,14.1062,".(C NIL) = NIL;\n.(C var4440_) = var4440_;"
2,4,3,29.6625,14.1062,".(C .(var689_ var63_)) = var63_;"
2,4,4,30.2994,14.1062,".(C var244_) = .(.(.(IF FALSE) var244_) var244_);"
2,4,5,31.4530,14.1062,".(op49 .(.(var6097_ var62_) var63_)) = var63_;\n.(C var4440_) = var4440_;"
2,4,6,32.1508,14.1062,".(C .(op40 var63_)) = var63_;\n.(C var4440_) = var4440_;"
2,4,7,32.9584,14.1062,".(C .(.(var690_ var62_) var63_)) = var63_;"
2,4,8,33.2507,14.1062,".(C var244_) = .(TAIL var244_);"
2,4,9,34.0734,14.1062,"op126 = .(IF TRUE);\n.(C var4440_) = var4440_;"
